

[23/09/20 14:02:49 - CONSOLE]  
{"name":"getBatteryLevel","result":"{\"result\":61}"}
[23/09/20 14:02:49 - TResponseBattery]  
{
  "result":61
}


[23/09/20 14:05:59 - CONSOLE]  
{"name":"getBatteryLevel","result":"{\"result\":61}"}
[23/09/20 14:05:59 - TResponseBattery]  
{
  "result":61
}


[23/09/20 14:09:09 - CONSOLE]  
{"name":"getBatteryLevel","result":"{\"result\":61}"}
[23/09/20 14:09:09 - TResponseBattery]  
{
  "result":61
}


[23/09/20 14:12:19 - CONSOLE]  
{"name":"getBatteryLevel","result":"{\"result\":61}"}
[23/09/20 14:12:19 - TResponseBattery]  
{
  "result":61
}


[23/09/20 14:15:29 - CONSOLE]  
{"name":"getBatteryLevel","result":"{\"result\":61}"}
[23/09/20 14:15:29 - TResponseBattery]  
{
  "result":61
}


[23/09/20 14:18:39 - CONSOLE]  
{"name":"getBatteryLevel","result":"{\"result\":61}"}
[23/09/20 14:18:39 - TResponseBattery]  
{
  "result":61
}

[23/09/20 14:21:28 - TResultQRCodeClass]  
{
  "result":
  [
      ]
}
