

[02/11/20 00:02:29 - CONSOLE]  
{"name":"getBatteryLevel","result":"{\"result\":52}"}
[02/11/20 00:02:29 - TResponseBattery]  
{
  "result":52
}


[02/11/20 00:05:39 - CONSOLE]  
{"name":"getBatteryLevel","result":"{\"result\":52}"}
[02/11/20 00:05:39 - TResponseBattery]  
{
  "result":52
}


[02/11/20 00:08:49 - CONSOLE]  
{"name":"getBatteryLevel","result":"{\"result\":52}"}
[02/11/20 00:08:49 - TResponseBattery]  
{
  "result":52
}


[02/11/20 00:11:59 - CONSOLE]  
{"name":"getBatteryLevel","result":"{\"result\":52}"}
[02/11/20 00:11:59 - TResponseBattery]  
{
  "result":52
}


[02/11/20 00:15:09 - CONSOLE]  
{"name":"getBatteryLevel","result":"{\"result\":52}"}
[02/11/20 00:15:09 - TResponseBattery]  
{
  "result":52
}


[02/11/20 00:18:19 - CONSOLE]  
{"name":"getBatteryLevel","result":"{\"result\":52}"}
[02/11/20 00:18:19 - TResponseBattery]  
{
  "result":52
}


[02/11/20 00:21:29 - CONSOLE]  
{"name":"getBatteryLevel","result":"{\"result\":52}"}
[02/11/20 00:21:29 - TResponseBattery]  
{
  "result":52
}


[02/11/20 00:24:39 - CONSOLE]  
{"name":"getBatteryLevel","result":"{\"result\":52}"}
[02/11/20 00:24:39 - TResponseBattery]  
{
  "result":52
}


[02/11/20 00:27:49 - CONSOLE]  
{"name":"getBatteryLevel","result":"{\"result\":52}"}
[02/11/20 00:27:49 - TResponseBattery]  
{
  "result":52
}


[02/11/20 00:30:59 - CONSOLE]  
{"name":"getBatteryLevel","result":"{\"result\":52}"}
[02/11/20 00:30:59 - TResponseBattery]  
{
  "result":52
}


[02/11/20 00:34:09 - CONSOLE]  
{"name":"getBatteryLevel","result":"{\"result\":52}"}
[02/11/20 00:34:09 - TResponseBattery]  
{
  "result":52
}


[02/11/20 00:37:19 - CONSOLE]  
{"name":"getBatteryLevel","result":"{\"result\":52}"}
[02/11/20 00:37:19 - TResponseBattery]  
{
  "result":52
}


[02/11/20 00:40:29 - CONSOLE]  
{"name":"getBatteryLevel","result":"{\"result\":52}"}
[02/11/20 00:40:29 - TResponseBattery]  
{
  "result":52
}


[02/11/20 00:43:39 - CONSOLE]  
{"name":"getBatteryLevel","result":"{\"result\":52}"}
[02/11/20 00:43:39 - TResponseBattery]  
{
  "result":52
}


[02/11/20 00:46:49 - CONSOLE]  
{"name":"getBatteryLevel","result":"{\"result\":52}"}
[02/11/20 00:46:49 - TResponseBattery]  
{
  "result":52
}


[02/11/20 00:49:59 - CONSOLE]  
{"name":"getBatteryLevel","result":"{\"result\":52}"}
[02/11/20 00:49:59 - TResponseBattery]  
{
  "result":52
}


[02/11/20 00:53:09 - CONSOLE]  
{"name":"getBatteryLevel","result":"{\"result\":52}"}
[02/11/20 00:53:09 - TResponseBattery]  
{
  "result":52
}


[02/11/20 00:56:19 - CONSOLE]  
{"name":"getBatteryLevel","result":"{\"result\":52}"}
[02/11/20 00:56:19 - TResponseBattery]  
{
  "result":52
}


[02/11/20 00:59:29 - CONSOLE]  
{"name":"getBatteryLevel","result":"{\"result\":52}"}
[02/11/20 00:59:29 - TResponseBattery]  
{
  "result":52
}
