

[01/11/20 23:02:19 - CONSOLE]  
{"name":"getBatteryLevel","result":"{\"result\":52}"}
[01/11/20 23:02:19 - TResponseBattery]  
{
  "result":52
}


[01/11/20 23:05:29 - CONSOLE]  
{"name":"getBatteryLevel","result":"{\"result\":52}"}
[01/11/20 23:05:29 - TResponseBattery]  
{
  "result":52
}


[01/11/20 23:08:39 - CONSOLE]  
{"name":"getBatteryLevel","result":"{\"result\":52}"}
[01/11/20 23:08:39 - TResponseBattery]  
{
  "result":52
}


[01/11/20 23:11:49 - CONSOLE]  
{"name":"getBatteryLevel","result":"{\"result\":52}"}
[01/11/20 23:11:49 - TResponseBattery]  
{
  "result":52
}


[01/11/20 23:14:59 - CONSOLE]  
{"name":"getBatteryLevel","result":"{\"result\":52}"}
[01/11/20 23:14:59 - TResponseBattery]  
{
  "result":52
}


[01/11/20 23:18:09 - CONSOLE]  
{"name":"getBatteryLevel","result":"{\"result\":52}"}
[01/11/20 23:18:09 - TResponseBattery]  
{
  "result":52
}


[01/11/20 23:21:19 - CONSOLE]  
{"name":"getBatteryLevel","result":"{\"result\":52}"}
[01/11/20 23:21:19 - TResponseBattery]  
{
  "result":52
}


[01/11/20 23:24:29 - CONSOLE]  
{"name":"getBatteryLevel","result":"{\"result\":52}"}
[01/11/20 23:24:29 - TResponseBattery]  
{
  "result":52
}


[01/11/20 23:27:39 - CONSOLE]  
{"name":"getBatteryLevel","result":"{\"result\":52}"}
[01/11/20 23:27:39 - TResponseBattery]  
{
  "result":52
}


[01/11/20 23:30:49 - CONSOLE]  
{"name":"getBatteryLevel","result":"{\"result\":52}"}
[01/11/20 23:30:49 - TResponseBattery]  
{
  "result":52
}


[01/11/20 23:33:59 - CONSOLE]  
{"name":"getBatteryLevel","result":"{\"result\":52}"}
[01/11/20 23:33:59 - TResponseBattery]  
{
  "result":52
}


[01/11/20 23:37:09 - CONSOLE]  
{"name":"getBatteryLevel","result":"{\"result\":52}"}
[01/11/20 23:37:09 - TResponseBattery]  
{
  "result":52
}


[01/11/20 23:40:19 - CONSOLE]  
{"name":"getBatteryLevel","result":"{\"result\":52}"}
[01/11/20 23:40:19 - TResponseBattery]  
{
  "result":52
}


[01/11/20 23:43:29 - CONSOLE]  
{"name":"getBatteryLevel","result":"{\"result\":52}"}
[01/11/20 23:43:29 - TResponseBattery]  
{
  "result":52
}


[01/11/20 23:46:39 - CONSOLE]  
{"name":"getBatteryLevel","result":"{\"result\":52}"}
[01/11/20 23:46:39 - TResponseBattery]  
{
  "result":52
}


[01/11/20 23:49:49 - CONSOLE]  
{"name":"getBatteryLevel","result":"{\"result\":52}"}
[01/11/20 23:49:49 - TResponseBattery]  
{
  "result":52
}


[01/11/20 23:52:59 - CONSOLE]  
{"name":"getBatteryLevel","result":"{\"result\":52}"}
[01/11/20 23:52:59 - TResponseBattery]  
{
  "result":52
}


[01/11/20 23:56:09 - CONSOLE]  
{"name":"getBatteryLevel","result":"{\"result\":52}"}
[01/11/20 23:56:09 - TResponseBattery]  
{
  "result":52
}


[01/11/20 23:59:19 - CONSOLE]  
{"name":"getBatteryLevel","result":"{\"result\":52}"}
[01/11/20 23:59:19 - TResponseBattery]  
{
  "result":52
}
