

[23/09/20 00:00:37 - CONSOLE]  
{"name":"getBatteryLevel","result":"{\"result\":12}"}
[23/09/20 00:00:37 - TResponseBattery]  
{
  "result":12
}


[23/09/20 00:03:47 - CONSOLE]  
{"name":"getBatteryLevel","result":"{\"result\":12}"}
[23/09/20 00:03:47 - TResponseBattery]  
{
  "result":12
}


[23/09/20 00:06:57 - CONSOLE]  
{"name":"getBatteryLevel","result":"{\"result\":12}"}
[23/09/20 00:06:57 - TResponseBattery]  
{
  "result":12
}


[23/09/20 00:10:07 - CONSOLE]  
{"name":"getBatteryLevel","result":"{\"result\":12}"}
[23/09/20 00:10:07 - TResponseBattery]  
{
  "result":12
}


[23/09/20 00:13:17 - CONSOLE]  
{"name":"getBatteryLevel","result":"{\"result\":12}"}
[23/09/20 00:13:17 - TResponseBattery]  
{
  "result":12
}


[23/09/20 00:16:27 - CONSOLE]  
{"name":"getBatteryLevel","result":"{\"result\":12}"}
[23/09/20 00:16:27 - TResponseBattery]  
{
  "result":12
}


[23/09/20 00:19:37 - CONSOLE]  
{"name":"getBatteryLevel","result":"{\"result\":12}"}
[23/09/20 00:19:37 - TResponseBattery]  
{
  "result":12
}


[23/09/20 00:22:47 - CONSOLE]  
{"name":"getBatteryLevel","result":"{\"result\":12}"}
[23/09/20 00:22:47 - TResponseBattery]  
{
  "result":12
}


[23/09/20 00:25:57 - CONSOLE]  
{"name":"getBatteryLevel","result":"{\"result\":12}"}
[23/09/20 00:25:57 - TResponseBattery]  
{
  "result":12
}


[23/09/20 00:29:07 - CONSOLE]  
{"name":"getBatteryLevel","result":"{\"result\":12}"}
[23/09/20 00:29:07 - TResponseBattery]  
{
  "result":12
}


[23/09/20 00:32:17 - CONSOLE]  
{"name":"getBatteryLevel","result":"{\"result\":12}"}
[23/09/20 00:32:17 - TResponseBattery]  
{
  "result":12
}


[23/09/20 00:35:27 - CONSOLE]  
{"name":"getBatteryLevel","result":"{\"result\":12}"}
[23/09/20 00:35:27 - TResponseBattery]  
{
  "result":12
}


[23/09/20 00:38:37 - CONSOLE]  
{"name":"getBatteryLevel","result":"{\"result\":12}"}
[23/09/20 00:38:37 - TResponseBattery]  
{
  "result":12
}


[23/09/20 00:41:47 - CONSOLE]  
{"name":"getBatteryLevel","result":"{\"result\":12}"}
[23/09/20 00:41:47 - TResponseBattery]  
{
  "result":12
}


[23/09/20 00:44:57 - CONSOLE]  
{"name":"getBatteryLevel","result":"{\"result\":12}"}
[23/09/20 00:44:57 - TResponseBattery]  
{
  "result":12
}


[23/09/20 00:48:07 - CONSOLE]  
{"name":"getBatteryLevel","result":"{\"result\":12}"}
[23/09/20 00:48:07 - TResponseBattery]  
{
  "result":12
}


[23/09/20 00:51:17 - CONSOLE]  
{"name":"getBatteryLevel","result":"{\"result\":12}"}
[23/09/20 00:51:17 - TResponseBattery]  
{
  "result":12
}


[23/09/20 00:54:27 - CONSOLE]  
{"name":"getBatteryLevel","result":"{\"result\":12}"}
[23/09/20 00:54:27 - TResponseBattery]  
{
  "result":12
}


[23/09/20 00:57:37 - CONSOLE]  
{"name":"getBatteryLevel","result":"{\"result\":12}"}
[23/09/20 00:57:37 - TResponseBattery]  
{
  "result":12
}
