

[28/10/20 01:00:40 - CONSOLE]  
{"name":"getUnreadMessages","result":"{\"result\":[{\"id\":\"554891406417@c.us\",\"pendingMsgs\":false,\"lastReceivedKey\":{\"fromMe\":true,\"remote\":\"554891406417@c.us\",\"id\":\"3EB0F8E631A2BC7A88F1\",\"_serialized\":\"true_554891406417@c.us_3EB0F8E631A2BC7A88F1\"},\"t\":1603857639,\"unreadCount\":0,\"archive\":false,\"isReadOnly\":false,\"modifyTag\":940801,\"muteExpiration\":0,\"name\":\"Test\",\"notSpam\":true,\"pin\":0,\"ephemeralDuration\":0,\"ephemeralSettingTimestamp\":0,\"msgs\":null,\"kind\":\"chat\",\"isGroup\":false,\"formattedTitle\":\"Test\",\"contact\":{\"id\":\"554891406417@c.us\",\"name\":\"Test\",\"type\":\"in\",\"verifiedName\":\"Test\",\"isBusiness\":true,\"isEnterprise\":false,\"verifiedLevel\":0,\"statusMute\":false,\"labels\":[],\"formattedName\":\"Test\",\"isMe\":false,\"isMyContact\":true,\"isPSA\":false,\"isUser\":true,\"isWAContact\":true,\"profilePicThumbObj\":{\"eurl\":\"https://pps.whatsapp.net/v/t61.24694-24/116116450_107669734274682_8231843971424137748_n.jpg?oh=77506329c882690cbd4bdeb39a2707cc&oe=5F9D1B65\",\"id\":\"554891406417@c.us\",\"img\":\"https://web.whatsapp.com/pp?e=https%3A%2F%2Fpps.whatsapp.net%2Fv%2Ft61.24694-24%2F116116450_107669734274682_8231843971424137748_n.jpg%3Foh%3D77506329c882690cbd4bdeb39a2707cc%26oe%3D5F9D1B65&t=s&u=554891406417%40c.us&i=1595551168&n=PilIAT5O28ADzWFzqFrtrQRqQps4G0DoyvXl14gvGsk%3D\",\"imgFull\":\"https://web.whatsapp.com/pp?e=https%3A%2F%2Fpps.whatsapp.net%2Fv%2Ft61.24694-24%2F116116450_107669734274682_8231843971424137748_n.jpg%3Foh%3D77506329c882690cbd4bdeb39a2707cc%26oe%3D5F9D1B65&t=l&u=554891406417%40c.us&i=1595551168&n=PilIAT5O28ADzWFzqFrtrQRqQps4G0DoyvXl14gvGsk%3D\",\"raw\":null,\"tag\":\"1595551168\"},\"msgs\":null},\"groupMetadata\":null,\"presence\":{\"id\":\"554891406417@c.us\",\"chatstates\":[]},\"messages\":[{\"id\":\"true_554891406417@c.us_3EB0AEB8F96235708FE2\",\"body\":\"oi\",\"type\":\"chat\",\"subtype\":null,\"t\":1603857639,\"from\":\"554898153342@c.us\",\"to\":\"554891406417@c.us\",\"self\":\"out\",\"ack\":0,\"isNewMsg\":false,\"star\":false,\"mentionedJidList\":[],\"isVcardOverMmsDocument\":false,\"isForwarded\":false,\"chatId\":\"554891406417@c.us\",\"fromMe\":true,\"sender\":{\"id\":\"554898153342@c.us\",\"type\":\"in\",\"formattedName\":\"Voce\",\"isMe\":true,\"isMyContact\":false,\"isPSA\":false,\"isUser\":true,\"isWAContact\":true,\"profilePicThumbObj\":{\"eurl\":\"https://pps.whatsapp.net/v/t61.24694-24/116269755_2675348859371768_4964371647744728908_n.jpg?oh=ad509d43c106cdcc2cdd305c19215f26&oe=5F9CBF3F\",\"id\":\"554898153342@c.us\",\"img\":\"https://web.whatsapp.com/pp?e=https%3A%2F%2Fpps.whatsapp.net%2Fv%2Ft61.24694-24%2F116269755_2675348859371768_4964371647744728908_n.jpg%3Foh%3Dad509d43c106cdcc2cdd305c19215f26%26oe%3D5F9CBF3F&t=s&u=554898153342%40c.us&i=1595640568&n=rQZ%2BS%2Fybn5cRG9ZdvhU7z57BSbmT8VeFZzxIaDJLlcA%3D\",\"imgFull\":\"https://web.whatsapp.com/pp?e=https%3A%2F%2Fpps.whatsapp.net%2Fv%2Ft61.24694-24%2F116269755_2675348859371768_4964371647744728908_n.jpg%3Foh%3Dad509d43c106cdcc2cdd305c19215f26%26oe%3D5F9CBF3F&t=l&u=554898153342%40c.us&i=1595640568&n=rQZ%2BS%2Fybn5cRG9ZdvhU7z57BSbmT8VeFZzxIaDJLlcA%3D\",\"raw\":null,\"tag\":\"1595640568\"},\"msgs\":null},\"timestamp\":1603857639,\"content\":\"oi\",\"isGroupMsg\":false,\"isMMS\":false,\"isMedia\":false,\"isNotification\":false,\"isPSA\":false,\"chat\":{\"id\":\"554891406417@c.us\",\"pendingMsgs\":false,\"lastReceivedKey\":{\"fromMe\":true,\"remote\":\"554891406417@c.us\",\"id\":\"3EB0F8E631A2BC7A88F1\",\"_serialized\":\"true_554891406417@c.us_3EB0F8E631A2BC7A88F1\"},\"t\":1603857639,\"unreadCount\":0,\"archive\":false,\"isReadOnly\":false,\"modifyTag\":940801,\"muteExpiration\":0,\"name\":\"Test\",\"notSpam\":true,\"pin\":0,\"ephemeralDuration\":0,\"ephemeralSettingTimestamp\":0,\"msgs\":null,\"kind\":\"chat\",\"isGroup\":false,\"formattedTitle\":\"Test\",\"contact\":{\"id\":\"554891406417@c.us\",\"name\":\"Test\",\"type\":\"in\",\"verifiedName\":\"Test\",\"isBusiness\":true,\"isEnterprise\":false,\"verifiedLevel\":0,\"statusMute\":false,\"labels\":[],\"formattedName\":\"Test\",\"isMe\":false,\"isMyContact\":true,\"isPSA\":false,\"isUser\":true,\"isWAContact\":true,\"profilePicThumbObj\":{\"eurl\":\"https://pps.whatsapp.net/v/t61.24694-24/116116450_107669734274682_8231843971424137748_n.jpg?oh=77506329c882690cbd4bdeb39a2707cc&oe=5F9D1B65\",\"id\":\"554891406417@c.us\",\"img\":\"https://web.whatsapp.com/pp?e=https%3A%2F%2Fpps.whatsapp.net%2Fv%2Ft61.24694-24%2F116116450_107669734274682_8231843971424137748_n.jpg%3Foh%3D77506329c882690cbd4bdeb39a2707cc%26oe%3D5F9D1B65&t=s&u=554891406417%40c.us&i=1595551168&n=PilIAT5O28ADzWFzqFrtrQRqQps4G0DoyvXl14gvGsk%3D\",\"imgFull\":\"https://web.whatsapp.com/pp?e=https%3A%2F%2Fpps.whatsapp.net%2Fv%2Ft61.24694-24%2F116116450_107669734274682_8231843971424137748_n.jpg%3Foh%3D77506329c882690cbd4bdeb39a2707cc%26oe%3D5F9D1B65&t=l&u=554891406417%40c.us&i=1595551168&n=PilIAT5O28ADzWFzqFrtrQRqQps4G0DoyvXl14gvGsk%3D\",\"raw\":null,\"tag\":\"1595551168\"},\"msgs\":null},\"groupMetadata\":null,\"presence\":{\"id\":\"554891406417@c.us\",\"chatstates\":[]}},\"quotedMsgObj\":null,\"mediaData\":{}}]}]}"}
[28/10/20 01:00:40 - TChatList]  
{
  "result":
  [
        {
      "id":"554891406417@c.us",
      "pendingMsgs":false,
      "lastReceivedKey":
      {
        "fromMe":true,
        "remote":"554891406417@c.us",
        "id":"3EB0F8E631A2BC7A88F1",
        "_serialized":"true_554891406417@c.us_3EB0F8E631A2BC7A88F1"
      }
,
      "t":1603857639,
      "unreadCount":0,
      "archive":false,
      "isReadOnly":false,
      "modifyTag":940801,
      "muteExpiration":0,
      "name":"Test",
      "notSpam":true,
      "pin":0,
      "ephemeralDuration":0,
      "ephemeralSettingTimestamp":0,
      "msgs":null,
      "kind":"chat",
      "isGroup":false,
      "formattedTitle":"Test",
      "contact":
      {
        "id":"554891406417@c.us",
        "name":"Test",
        "type":"in",
        "verifiedName":"Test",
        "isBusiness":true,
        "isEnterprise":false,
        "verifiedLevel":0,
        "statusMute":false,
        "labels":
        [
                  ]
,
        "formattedName":"Test",
        "isMe":false,
        "isMyContact":true,
        "isPSA":false,
        "isUser":true,
        "isWAContact":true,
        "profilePicThumbObj":
        {
          "eurl":"https://pps.whatsapp.net/v/t61.24694-24/116116450_107669734274682_8231843971424137748_n.jpg?oh=77506329c882690cbd4bdeb39a2707cc&oe=5F9D1B65",
          "id":"554891406417@c.us",
          "img":"https://web.whatsapp.com/pp?e=https%3A%2F%2Fpps.whatsapp.net%2Fv%2Ft61.24694-24%2F116116450_107669734274682_8231843971424137748_n.jpg%3Foh%3D77506329c882690cbd4bdeb39a2707cc%26oe%3D5F9D1B65&t=s&u=554891406417%40c.us&i=1595551168&n=PilIAT5O28ADzWFzqFrtrQRqQps4G0DoyvXl14gvGsk%3D",
          "imgFull":"https://web.whatsapp.com/pp?e=https%3A%2F%2Fpps.whatsapp.net%2Fv%2Ft61.24694-24%2F116116450_107669734274682_8231843971424137748_n.jpg%3Foh%3D77506329c882690cbd4bdeb39a2707cc%26oe%3D5F9D1B65&t=l&u=554891406417%40c.us&i=1595551168&n=PilIAT5O28ADzWFzqFrtrQRqQps4G0DoyvXl14gvGsk%3D",
          "raw":null,
          "tag":"1595551168"
        }
,
        "msgs":null
      }
,
      "groupMetadata":null,
      "presence":
      {
        "id":"554891406417@c.us",
        "chatstates":
        [
                  ]
      }
,
      "messages":
      [
                {
          "id":"true_554891406417@c.us_3EB0AEB8F96235708FE2",
          "body":"oi",
          "type":"chat",
          "subtype":null,
          "t":1603857639,
          "from":"554898153342@c.us",
          "to":"554891406417@c.us",
          "self":"out",
          "ack":0,
          "isNewMsg":false,
          "star":false,
          "mentionedJidList":
          [
                      ]
,
          "isVcardOverMmsDocument":false,
          "isForwarded":false,
          "chatId":"554891406417@c.us",
          "fromMe":true,
          "sender":
          {
            "id":"554898153342@c.us",
            "type":"in",
            "formattedName":"Voce",
            "isMe":true,
            "isMyContact":false,
            "isPSA":false,
            "isUser":true,
            "isWAContact":true,
            "profilePicThumbObj":
            {
              "eurl":"https://pps.whatsapp.net/v/t61.24694-24/116269755_2675348859371768_4964371647744728908_n.jpg?oh=ad509d43c106cdcc2cdd305c19215f26&oe=5F9CBF3F",
              "id":"554898153342@c.us",
              "img":"https://web.whatsapp.com/pp?e=https%3A%2F%2Fpps.whatsapp.net%2Fv%2Ft61.24694-24%2F116269755_2675348859371768_4964371647744728908_n.jpg%3Foh%3Dad509d43c106cdcc2cdd305c19215f26%26oe%3D5F9CBF3F&t=s&u=554898153342%40c.us&i=1595640568&n=rQZ%2BS%2Fybn5cRG9ZdvhU7z57BSbmT8VeFZzxIaDJLlcA%3D",
              "imgFull":"https://web.whatsapp.com/pp?e=https%3A%2F%2Fpps.whatsapp.net%2Fv%2Ft61.24694-24%2F116269755_2675348859371768_4964371647744728908_n.jpg%3Foh%3Dad509d43c106cdcc2cdd305c19215f26%26oe%3D5F9CBF3F&t=l&u=554898153342%40c.us&i=1595640568&n=rQZ%2BS%2Fybn5cRG9ZdvhU7z57BSbmT8VeFZzxIaDJLlcA%3D",
              "raw":null,
              "tag":"1595640568"
            }
,
            "msgs":null
          }
,
          "timestamp":1603857639,
          "content":"oi",
          "isGroupMsg":false,
          "isMMS":false,
          "isMedia":false,
          "isNotification":false,
          "isPSA":false,
          "chat":
          {
            "id":"554891406417@c.us",
            "pendingMsgs":false,
            "lastReceivedKey":
            {
              "fromMe":true,
              "remote":"554891406417@c.us",
              "id":"3EB0F8E631A2BC7A88F1",
              "_serialized":"true_554891406417@c.us_3EB0F8E631A2BC7A88F1"
            }
,
            "t":1603857639,
            "unreadCount":0,
            "archive":false,
            "isReadOnly":false,
            "modifyTag":940801,
            "muteExpiration":0,
            "name":"Test",
            "notSpam":true,
            "pin":0,
            "ephemeralDuration":0,
            "ephemeralSettingTimestamp":0,
            "msgs":null,
            "kind":"chat",
            "isGroup":false,
            "formattedTitle":"Test",
            "contact":
            {
              "id":"554891406417@c.us",
              "name":"Test",
              "type":"in",
              "verifiedName":"Test",
              "isBusiness":true,
              "isEnterprise":false,
              "verifiedLevel":0,
              "statusMute":false,
              "labels":
              [
                              ]
,
              "formattedName":"Test",
              "isMe":false,
              "isMyContact":true,
              "isPSA":false,
              "isUser":true,
              "isWAContact":true,
              "profilePicThumbObj":
              {
                "eurl":"https://pps.whatsapp.net/v/t61.24694-24/116116450_107669734274682_8231843971424137748_n.jpg?oh=77506329c882690cbd4bdeb39a2707cc&oe=5F9D1B65",
                "id":"554891406417@c.us",
                "img":"https://web.whatsapp.com/pp?e=https%3A%2F%2Fpps.whatsapp.net%2Fv%2Ft61.24694-24%2F116116450_107669734274682_8231843971424137748_n.jpg%3Foh%3D77506329c882690cbd4bdeb39a2707cc%26oe%3D5F9D1B65&t=s&u=554891406417%40c.us&i=1595551168&n=PilIAT5O28ADzWFzqFrtrQRqQps4G0DoyvXl14gvGsk%3D",
                "imgFull":"https://web.whatsapp.com/pp?e=https%3A%2F%2Fpps.whatsapp.net%2Fv%2Ft61.24694-24%2F116116450_107669734274682_8231843971424137748_n.jpg%3Foh%3D77506329c882690cbd4bdeb39a2707cc%26oe%3D5F9D1B65&t=l&u=554891406417%40c.us&i=1595551168&n=PilIAT5O28ADzWFzqFrtrQRqQps4G0DoyvXl14gvGsk%3D",
                "raw":null,
                "tag":"1595551168"
              }
,
              "msgs":null
            }
,
            "groupMetadata":null,
            "presence":
            {
              "id":"554891406417@c.us",
              "chatstates":
              [
                              ]
            }
          }
,
          "quotedMsgObj":null,
          "mediaData":
          {
                      }
        }
      ]
    }
  ]
}


[28/10/20 01:01:15 - CONSOLE]  
{"name":"getBatteryLevel","result":"{\"result\":24}"}
[28/10/20 01:01:15 - TResponseBattery]  
{
  "result":24
}


[28/10/20 01:01:40 - CONSOLE]  
{"name":"getUnreadMessages","result":"{\"result\":[{\"id\":\"554891406417@c.us\",\"pendingMsgs\":false,\"lastReceivedKey\":{\"fromMe\":true,\"remote\":\"554891406417@c.us\",\"id\":\"3EB0F8E631A2BC7A88F1\",\"_serialized\":\"true_554891406417@c.us_3EB0F8E631A2BC7A88F1\"},\"t\":1603857699,\"unreadCount\":0,\"archive\":false,\"isReadOnly\":false,\"modifyTag\":940801,\"muteExpiration\":0,\"name\":\"Test\",\"notSpam\":true,\"pin\":0,\"ephemeralDuration\":0,\"ephemeralSettingTimestamp\":0,\"msgs\":null,\"kind\":\"chat\",\"isGroup\":false,\"formattedTitle\":\"Test\",\"contact\":{\"id\":\"554891406417@c.us\",\"name\":\"Test\",\"type\":\"in\",\"verifiedName\":\"Test\",\"isBusiness\":true,\"isEnterprise\":false,\"verifiedLevel\":0,\"statusMute\":false,\"labels\":[],\"formattedName\":\"Test\",\"isMe\":false,\"isMyContact\":true,\"isPSA\":false,\"isUser\":true,\"isWAContact\":true,\"profilePicThumbObj\":{\"eurl\":\"https://pps.whatsapp.net/v/t61.24694-24/116116450_107669734274682_8231843971424137748_n.jpg?oh=77506329c882690cbd4bdeb39a2707cc&oe=5F9D1B65\",\"id\":\"554891406417@c.us\",\"img\":\"https://web.whatsapp.com/pp?e=https%3A%2F%2Fpps.whatsapp.net%2Fv%2Ft61.24694-24%2F116116450_107669734274682_8231843971424137748_n.jpg%3Foh%3D77506329c882690cbd4bdeb39a2707cc%26oe%3D5F9D1B65&t=s&u=554891406417%40c.us&i=1595551168&n=PilIAT5O28ADzWFzqFrtrQRqQps4G0DoyvXl14gvGsk%3D\",\"imgFull\":\"https://web.whatsapp.com/pp?e=https%3A%2F%2Fpps.whatsapp.net%2Fv%2Ft61.24694-24%2F116116450_107669734274682_8231843971424137748_n.jpg%3Foh%3D77506329c882690cbd4bdeb39a2707cc%26oe%3D5F9D1B65&t=l&u=554891406417%40c.us&i=1595551168&n=PilIAT5O28ADzWFzqFrtrQRqQps4G0DoyvXl14gvGsk%3D\",\"raw\":null,\"tag\":\"1595551168\"},\"msgs\":null},\"groupMetadata\":null,\"presence\":{\"id\":\"554891406417@c.us\",\"chatstates\":[]},\"messages\":[{\"id\":\"true_554891406417@c.us_3EB0F88C38AA59672367\",\"body\":\"oi\",\"type\":\"chat\",\"subtype\":null,\"t\":1603857699,\"from\":\"554898153342@c.us\",\"to\":\"554891406417@c.us\",\"self\":\"out\",\"ack\":0,\"isNewMsg\":false,\"star\":false,\"mentionedJidList\":[],\"isVcardOverMmsDocument\":false,\"isForwarded\":false,\"chatId\":\"554891406417@c.us\",\"fromMe\":true,\"sender\":{\"id\":\"554898153342@c.us\",\"type\":\"in\",\"formattedName\":\"Voce\",\"isMe\":true,\"isMyContact\":false,\"isPSA\":false,\"isUser\":true,\"isWAContact\":true,\"profilePicThumbObj\":{\"eurl\":\"https://pps.whatsapp.net/v/t61.24694-24/116269755_2675348859371768_4964371647744728908_n.jpg?oh=ad509d43c106cdcc2cdd305c19215f26&oe=5F9CBF3F\",\"id\":\"554898153342@c.us\",\"img\":\"https://web.whatsapp.com/pp?e=https%3A%2F%2Fpps.whatsapp.net%2Fv%2Ft61.24694-24%2F116269755_2675348859371768_4964371647744728908_n.jpg%3Foh%3Dad509d43c106cdcc2cdd305c19215f26%26oe%3D5F9CBF3F&t=s&u=554898153342%40c.us&i=1595640568&n=rQZ%2BS%2Fybn5cRG9ZdvhU7z57BSbmT8VeFZzxIaDJLlcA%3D\",\"imgFull\":\"https://web.whatsapp.com/pp?e=https%3A%2F%2Fpps.whatsapp.net%2Fv%2Ft61.24694-24%2F116269755_2675348859371768_4964371647744728908_n.jpg%3Foh%3Dad509d43c106cdcc2cdd305c19215f26%26oe%3D5F9CBF3F&t=l&u=554898153342%40c.us&i=1595640568&n=rQZ%2BS%2Fybn5cRG9ZdvhU7z57BSbmT8VeFZzxIaDJLlcA%3D\",\"raw\":null,\"tag\":\"1595640568\"},\"msgs\":null},\"timestamp\":1603857699,\"content\":\"oi\",\"isGroupMsg\":false,\"isMMS\":false,\"isMedia\":false,\"isNotification\":false,\"isPSA\":false,\"chat\":{\"id\":\"554891406417@c.us\",\"pendingMsgs\":false,\"lastReceivedKey\":{\"fromMe\":true,\"remote\":\"554891406417@c.us\",\"id\":\"3EB0F8E631A2BC7A88F1\",\"_serialized\":\"true_554891406417@c.us_3EB0F8E631A2BC7A88F1\"},\"t\":1603857699,\"unreadCount\":0,\"archive\":false,\"isReadOnly\":false,\"modifyTag\":940801,\"muteExpiration\":0,\"name\":\"Test\",\"notSpam\":true,\"pin\":0,\"ephemeralDuration\":0,\"ephemeralSettingTimestamp\":0,\"msgs\":null,\"kind\":\"chat\",\"isGroup\":false,\"formattedTitle\":\"Test\",\"contact\":{\"id\":\"554891406417@c.us\",\"name\":\"Test\",\"type\":\"in\",\"verifiedName\":\"Test\",\"isBusiness\":true,\"isEnterprise\":false,\"verifiedLevel\":0,\"statusMute\":false,\"labels\":[],\"formattedName\":\"Test\",\"isMe\":false,\"isMyContact\":true,\"isPSA\":false,\"isUser\":true,\"isWAContact\":true,\"profilePicThumbObj\":{\"eurl\":\"https://pps.whatsapp.net/v/t61.24694-24/116116450_107669734274682_8231843971424137748_n.jpg?oh=77506329c882690cbd4bdeb39a2707cc&oe=5F9D1B65\",\"id\":\"554891406417@c.us\",\"img\":\"https://web.whatsapp.com/pp?e=https%3A%2F%2Fpps.whatsapp.net%2Fv%2Ft61.24694-24%2F116116450_107669734274682_8231843971424137748_n.jpg%3Foh%3D77506329c882690cbd4bdeb39a2707cc%26oe%3D5F9D1B65&t=s&u=554891406417%40c.us&i=1595551168&n=PilIAT5O28ADzWFzqFrtrQRqQps4G0DoyvXl14gvGsk%3D\",\"imgFull\":\"https://web.whatsapp.com/pp?e=https%3A%2F%2Fpps.whatsapp.net%2Fv%2Ft61.24694-24%2F116116450_107669734274682_8231843971424137748_n.jpg%3Foh%3D77506329c882690cbd4bdeb39a2707cc%26oe%3D5F9D1B65&t=l&u=554891406417%40c.us&i=1595551168&n=PilIAT5O28ADzWFzqFrtrQRqQps4G0DoyvXl14gvGsk%3D\",\"raw\":null,\"tag\":\"1595551168\"},\"msgs\":null},\"groupMetadata\":null,\"presence\":{\"id\":\"554891406417@c.us\",\"chatstates\":[]}},\"quotedMsgObj\":null,\"mediaData\":{}}]}]}"}
[28/10/20 01:01:40 - TChatList]  
{
  "result":
  [
        {
      "id":"554891406417@c.us",
      "pendingMsgs":false,
      "lastReceivedKey":
      {
        "fromMe":true,
        "remote":"554891406417@c.us",
        "id":"3EB0F8E631A2BC7A88F1",
        "_serialized":"true_554891406417@c.us_3EB0F8E631A2BC7A88F1"
      }
,
      "t":1603857699,
      "unreadCount":0,
      "archive":false,
      "isReadOnly":false,
      "modifyTag":940801,
      "muteExpiration":0,
      "name":"Test",
      "notSpam":true,
      "pin":0,
      "ephemeralDuration":0,
      "ephemeralSettingTimestamp":0,
      "msgs":null,
      "kind":"chat",
      "isGroup":false,
      "formattedTitle":"Test",
      "contact":
      {
        "id":"554891406417@c.us",
        "name":"Test",
        "type":"in",
        "verifiedName":"Test",
        "isBusiness":true,
        "isEnterprise":false,
        "verifiedLevel":0,
        "statusMute":false,
        "labels":
        [
                  ]
,
        "formattedName":"Test",
        "isMe":false,
        "isMyContact":true,
        "isPSA":false,
        "isUser":true,
        "isWAContact":true,
        "profilePicThumbObj":
        {
          "eurl":"https://pps.whatsapp.net/v/t61.24694-24/116116450_107669734274682_8231843971424137748_n.jpg?oh=77506329c882690cbd4bdeb39a2707cc&oe=5F9D1B65",
          "id":"554891406417@c.us",
          "img":"https://web.whatsapp.com/pp?e=https%3A%2F%2Fpps.whatsapp.net%2Fv%2Ft61.24694-24%2F116116450_107669734274682_8231843971424137748_n.jpg%3Foh%3D77506329c882690cbd4bdeb39a2707cc%26oe%3D5F9D1B65&t=s&u=554891406417%40c.us&i=1595551168&n=PilIAT5O28ADzWFzqFrtrQRqQps4G0DoyvXl14gvGsk%3D",
          "imgFull":"https://web.whatsapp.com/pp?e=https%3A%2F%2Fpps.whatsapp.net%2Fv%2Ft61.24694-24%2F116116450_107669734274682_8231843971424137748_n.jpg%3Foh%3D77506329c882690cbd4bdeb39a2707cc%26oe%3D5F9D1B65&t=l&u=554891406417%40c.us&i=1595551168&n=PilIAT5O28ADzWFzqFrtrQRqQps4G0DoyvXl14gvGsk%3D",
          "raw":null,
          "tag":"1595551168"
        }
,
        "msgs":null
      }
,
      "groupMetadata":null,
      "presence":
      {
        "id":"554891406417@c.us",
        "chatstates":
        [
                  ]
      }
,
      "messages":
      [
                {
          "id":"true_554891406417@c.us_3EB0F88C38AA59672367",
          "body":"oi",
          "type":"chat",
          "subtype":null,
          "t":1603857699,
          "from":"554898153342@c.us",
          "to":"554891406417@c.us",
          "self":"out",
          "ack":0,
          "isNewMsg":false,
          "star":false,
          "mentionedJidList":
          [
                      ]
,
          "isVcardOverMmsDocument":false,
          "isForwarded":false,
          "chatId":"554891406417@c.us",
          "fromMe":true,
          "sender":
          {
            "id":"554898153342@c.us",
            "type":"in",
            "formattedName":"Voce",
            "isMe":true,
            "isMyContact":false,
            "isPSA":false,
            "isUser":true,
            "isWAContact":true,
            "profilePicThumbObj":
            {
              "eurl":"https://pps.whatsapp.net/v/t61.24694-24/116269755_2675348859371768_4964371647744728908_n.jpg?oh=ad509d43c106cdcc2cdd305c19215f26&oe=5F9CBF3F",
              "id":"554898153342@c.us",
              "img":"https://web.whatsapp.com/pp?e=https%3A%2F%2Fpps.whatsapp.net%2Fv%2Ft61.24694-24%2F116269755_2675348859371768_4964371647744728908_n.jpg%3Foh%3Dad509d43c106cdcc2cdd305c19215f26%26oe%3D5F9CBF3F&t=s&u=554898153342%40c.us&i=1595640568&n=rQZ%2BS%2Fybn5cRG9ZdvhU7z57BSbmT8VeFZzxIaDJLlcA%3D",
              "imgFull":"https://web.whatsapp.com/pp?e=https%3A%2F%2Fpps.whatsapp.net%2Fv%2Ft61.24694-24%2F116269755_2675348859371768_4964371647744728908_n.jpg%3Foh%3Dad509d43c106cdcc2cdd305c19215f26%26oe%3D5F9CBF3F&t=l&u=554898153342%40c.us&i=1595640568&n=rQZ%2BS%2Fybn5cRG9ZdvhU7z57BSbmT8VeFZzxIaDJLlcA%3D",
              "raw":null,
              "tag":"1595640568"
            }
,
            "msgs":null
          }
,
          "timestamp":1603857699,
          "content":"oi",
          "isGroupMsg":false,
          "isMMS":false,
          "isMedia":false,
          "isNotification":false,
          "isPSA":false,
          "chat":
          {
            "id":"554891406417@c.us",
            "pendingMsgs":false,
            "lastReceivedKey":
            {
              "fromMe":true,
              "remote":"554891406417@c.us",
              "id":"3EB0F8E631A2BC7A88F1",
              "_serialized":"true_554891406417@c.us_3EB0F8E631A2BC7A88F1"
            }
,
            "t":1603857699,
            "unreadCount":0,
            "archive":false,
            "isReadOnly":false,
            "modifyTag":940801,
            "muteExpiration":0,
            "name":"Test",
            "notSpam":true,
            "pin":0,
            "ephemeralDuration":0,
            "ephemeralSettingTimestamp":0,
            "msgs":null,
            "kind":"chat",
            "isGroup":false,
            "formattedTitle":"Test",
            "contact":
            {
              "id":"554891406417@c.us",
              "name":"Test",
              "type":"in",
              "verifiedName":"Test",
              "isBusiness":true,
              "isEnterprise":false,
              "verifiedLevel":0,
              "statusMute":false,
              "labels":
              [
                              ]
,
              "formattedName":"Test",
              "isMe":false,
              "isMyContact":true,
              "isPSA":false,
              "isUser":true,
              "isWAContact":true,
              "profilePicThumbObj":
              {
                "eurl":"https://pps.whatsapp.net/v/t61.24694-24/116116450_107669734274682_8231843971424137748_n.jpg?oh=77506329c882690cbd4bdeb39a2707cc&oe=5F9D1B65",
                "id":"554891406417@c.us",
                "img":"https://web.whatsapp.com/pp?e=https%3A%2F%2Fpps.whatsapp.net%2Fv%2Ft61.24694-24%2F116116450_107669734274682_8231843971424137748_n.jpg%3Foh%3D77506329c882690cbd4bdeb39a2707cc%26oe%3D5F9D1B65&t=s&u=554891406417%40c.us&i=1595551168&n=PilIAT5O28ADzWFzqFrtrQRqQps4G0DoyvXl14gvGsk%3D",
                "imgFull":"https://web.whatsapp.com/pp?e=https%3A%2F%2Fpps.whatsapp.net%2Fv%2Ft61.24694-24%2F116116450_107669734274682_8231843971424137748_n.jpg%3Foh%3D77506329c882690cbd4bdeb39a2707cc%26oe%3D5F9D1B65&t=l&u=554891406417%40c.us&i=1595551168&n=PilIAT5O28ADzWFzqFrtrQRqQps4G0DoyvXl14gvGsk%3D",
                "raw":null,
                "tag":"1595551168"
              }
,
              "msgs":null
            }
,
            "groupMetadata":null,
            "presence":
            {
              "id":"554891406417@c.us",
              "chatstates":
              [
                              ]
            }
          }
,
          "quotedMsgObj":null,
          "mediaData":
          {
                      }
        }
      ]
    }
  ]
}


[28/10/20 01:02:40 - CONSOLE]  
{"name":"getUnreadMessages","result":"{\"result\":[{\"id\":\"554891406417@c.us\",\"pendingMsgs\":false,\"lastReceivedKey\":{\"fromMe\":true,\"remote\":\"554891406417@c.us\",\"id\":\"3EB0F8E631A2BC7A88F1\",\"_serialized\":\"true_554891406417@c.us_3EB0F8E631A2BC7A88F1\"},\"t\":1603857759,\"unreadCount\":0,\"archive\":false,\"isReadOnly\":false,\"modifyTag\":940801,\"muteExpiration\":0,\"name\":\"Test\",\"notSpam\":true,\"pin\":0,\"ephemeralDuration\":0,\"ephemeralSettingTimestamp\":0,\"msgs\":null,\"kind\":\"chat\",\"isGroup\":false,\"formattedTitle\":\"Test\",\"contact\":{\"id\":\"554891406417@c.us\",\"name\":\"Test\",\"type\":\"in\",\"verifiedName\":\"Test\",\"isBusiness\":true,\"isEnterprise\":false,\"verifiedLevel\":0,\"statusMute\":false,\"labels\":[],\"formattedName\":\"Test\",\"isMe\":false,\"isMyContact\":true,\"isPSA\":false,\"isUser\":true,\"isWAContact\":true,\"profilePicThumbObj\":{\"eurl\":\"https://pps.whatsapp.net/v/t61.24694-24/116116450_107669734274682_8231843971424137748_n.jpg?oh=77506329c882690cbd4bdeb39a2707cc&oe=5F9D1B65\",\"id\":\"554891406417@c.us\",\"img\":\"https://web.whatsapp.com/pp?e=https%3A%2F%2Fpps.whatsapp.net%2Fv%2Ft61.24694-24%2F116116450_107669734274682_8231843971424137748_n.jpg%3Foh%3D77506329c882690cbd4bdeb39a2707cc%26oe%3D5F9D1B65&t=s&u=554891406417%40c.us&i=1595551168&n=PilIAT5O28ADzWFzqFrtrQRqQps4G0DoyvXl14gvGsk%3D\",\"imgFull\":\"https://web.whatsapp.com/pp?e=https%3A%2F%2Fpps.whatsapp.net%2Fv%2Ft61.24694-24%2F116116450_107669734274682_8231843971424137748_n.jpg%3Foh%3D77506329c882690cbd4bdeb39a2707cc%26oe%3D5F9D1B65&t=l&u=554891406417%40c.us&i=1595551168&n=PilIAT5O28ADzWFzqFrtrQRqQps4G0DoyvXl14gvGsk%3D\",\"raw\":null,\"tag\":\"1595551168\"},\"msgs\":null},\"groupMetadata\":null,\"presence\":{\"id\":\"554891406417@c.us\",\"chatstates\":[]},\"messages\":[{\"id\":\"true_554891406417@c.us_3EB047F3B35F46AAD72E\",\"body\":\"oi\",\"type\":\"chat\",\"subtype\":null,\"t\":1603857759,\"from\":\"554898153342@c.us\",\"to\":\"554891406417@c.us\",\"self\":\"out\",\"ack\":0,\"isNewMsg\":false,\"star\":false,\"mentionedJidList\":[],\"isVcardOverMmsDocument\":false,\"isForwarded\":false,\"chatId\":\"554891406417@c.us\",\"fromMe\":true,\"sender\":{\"id\":\"554898153342@c.us\",\"type\":\"in\",\"formattedName\":\"Voce\",\"isMe\":true,\"isMyContact\":false,\"isPSA\":false,\"isUser\":true,\"isWAContact\":true,\"profilePicThumbObj\":{\"eurl\":\"https://pps.whatsapp.net/v/t61.24694-24/116269755_2675348859371768_4964371647744728908_n.jpg?oh=ad509d43c106cdcc2cdd305c19215f26&oe=5F9CBF3F\",\"id\":\"554898153342@c.us\",\"img\":\"https://web.whatsapp.com/pp?e=https%3A%2F%2Fpps.whatsapp.net%2Fv%2Ft61.24694-24%2F116269755_2675348859371768_4964371647744728908_n.jpg%3Foh%3Dad509d43c106cdcc2cdd305c19215f26%26oe%3D5F9CBF3F&t=s&u=554898153342%40c.us&i=1595640568&n=rQZ%2BS%2Fybn5cRG9ZdvhU7z57BSbmT8VeFZzxIaDJLlcA%3D\",\"imgFull\":\"https://web.whatsapp.com/pp?e=https%3A%2F%2Fpps.whatsapp.net%2Fv%2Ft61.24694-24%2F116269755_2675348859371768_4964371647744728908_n.jpg%3Foh%3Dad509d43c106cdcc2cdd305c19215f26%26oe%3D5F9CBF3F&t=l&u=554898153342%40c.us&i=1595640568&n=rQZ%2BS%2Fybn5cRG9ZdvhU7z57BSbmT8VeFZzxIaDJLlcA%3D\",\"raw\":null,\"tag\":\"1595640568\"},\"msgs\":null},\"timestamp\":1603857759,\"content\":\"oi\",\"isGroupMsg\":false,\"isMMS\":false,\"isMedia\":false,\"isNotification\":false,\"isPSA\":false,\"chat\":{\"id\":\"554891406417@c.us\",\"pendingMsgs\":false,\"lastReceivedKey\":{\"fromMe\":true,\"remote\":\"554891406417@c.us\",\"id\":\"3EB0F8E631A2BC7A88F1\",\"_serialized\":\"true_554891406417@c.us_3EB0F8E631A2BC7A88F1\"},\"t\":1603857759,\"unreadCount\":0,\"archive\":false,\"isReadOnly\":false,\"modifyTag\":940801,\"muteExpiration\":0,\"name\":\"Test\",\"notSpam\":true,\"pin\":0,\"ephemeralDuration\":0,\"ephemeralSettingTimestamp\":0,\"msgs\":null,\"kind\":\"chat\",\"isGroup\":false,\"formattedTitle\":\"Test\",\"contact\":{\"id\":\"554891406417@c.us\",\"name\":\"Test\",\"type\":\"in\",\"verifiedName\":\"Test\",\"isBusiness\":true,\"isEnterprise\":false,\"verifiedLevel\":0,\"statusMute\":false,\"labels\":[],\"formattedName\":\"Test\",\"isMe\":false,\"isMyContact\":true,\"isPSA\":false,\"isUser\":true,\"isWAContact\":true,\"profilePicThumbObj\":{\"eurl\":\"https://pps.whatsapp.net/v/t61.24694-24/116116450_107669734274682_8231843971424137748_n.jpg?oh=77506329c882690cbd4bdeb39a2707cc&oe=5F9D1B65\",\"id\":\"554891406417@c.us\",\"img\":\"https://web.whatsapp.com/pp?e=https%3A%2F%2Fpps.whatsapp.net%2Fv%2Ft61.24694-24%2F116116450_107669734274682_8231843971424137748_n.jpg%3Foh%3D77506329c882690cbd4bdeb39a2707cc%26oe%3D5F9D1B65&t=s&u=554891406417%40c.us&i=1595551168&n=PilIAT5O28ADzWFzqFrtrQRqQps4G0DoyvXl14gvGsk%3D\",\"imgFull\":\"https://web.whatsapp.com/pp?e=https%3A%2F%2Fpps.whatsapp.net%2Fv%2Ft61.24694-24%2F116116450_107669734274682_8231843971424137748_n.jpg%3Foh%3D77506329c882690cbd4bdeb39a2707cc%26oe%3D5F9D1B65&t=l&u=554891406417%40c.us&i=1595551168&n=PilIAT5O28ADzWFzqFrtrQRqQps4G0DoyvXl14gvGsk%3D\",\"raw\":null,\"tag\":\"1595551168\"},\"msgs\":null},\"groupMetadata\":null,\"presence\":{\"id\":\"554891406417@c.us\",\"chatstates\":[]}},\"quotedMsgObj\":null,\"mediaData\":{}}]}]}"}
[28/10/20 01:02:40 - TChatList]  
{
  "result":
  [
        {
      "id":"554891406417@c.us",
      "pendingMsgs":false,
      "lastReceivedKey":
      {
        "fromMe":true,
        "remote":"554891406417@c.us",
        "id":"3EB0F8E631A2BC7A88F1",
        "_serialized":"true_554891406417@c.us_3EB0F8E631A2BC7A88F1"
      }
,
      "t":1603857759,
      "unreadCount":0,
      "archive":false,
      "isReadOnly":false,
      "modifyTag":940801,
      "muteExpiration":0,
      "name":"Test",
      "notSpam":true,
      "pin":0,
      "ephemeralDuration":0,
      "ephemeralSettingTimestamp":0,
      "msgs":null,
      "kind":"chat",
      "isGroup":false,
      "formattedTitle":"Test",
      "contact":
      {
        "id":"554891406417@c.us",
        "name":"Test",
        "type":"in",
        "verifiedName":"Test",
        "isBusiness":true,
        "isEnterprise":false,
        "verifiedLevel":0,
        "statusMute":false,
        "labels":
        [
                  ]
,
        "formattedName":"Test",
        "isMe":false,
        "isMyContact":true,
        "isPSA":false,
        "isUser":true,
        "isWAContact":true,
        "profilePicThumbObj":
        {
          "eurl":"https://pps.whatsapp.net/v/t61.24694-24/116116450_107669734274682_8231843971424137748_n.jpg?oh=77506329c882690cbd4bdeb39a2707cc&oe=5F9D1B65",
          "id":"554891406417@c.us",
          "img":"https://web.whatsapp.com/pp?e=https%3A%2F%2Fpps.whatsapp.net%2Fv%2Ft61.24694-24%2F116116450_107669734274682_8231843971424137748_n.jpg%3Foh%3D77506329c882690cbd4bdeb39a2707cc%26oe%3D5F9D1B65&t=s&u=554891406417%40c.us&i=1595551168&n=PilIAT5O28ADzWFzqFrtrQRqQps4G0DoyvXl14gvGsk%3D",
          "imgFull":"https://web.whatsapp.com/pp?e=https%3A%2F%2Fpps.whatsapp.net%2Fv%2Ft61.24694-24%2F116116450_107669734274682_8231843971424137748_n.jpg%3Foh%3D77506329c882690cbd4bdeb39a2707cc%26oe%3D5F9D1B65&t=l&u=554891406417%40c.us&i=1595551168&n=PilIAT5O28ADzWFzqFrtrQRqQps4G0DoyvXl14gvGsk%3D",
          "raw":null,
          "tag":"1595551168"
        }
,
        "msgs":null
      }
,
      "groupMetadata":null,
      "presence":
      {
        "id":"554891406417@c.us",
        "chatstates":
        [
                  ]
      }
,
      "messages":
      [
                {
          "id":"true_554891406417@c.us_3EB047F3B35F46AAD72E",
          "body":"oi",
          "type":"chat",
          "subtype":null,
          "t":1603857759,
          "from":"554898153342@c.us",
          "to":"554891406417@c.us",
          "self":"out",
          "ack":0,
          "isNewMsg":false,
          "star":false,
          "mentionedJidList":
          [
                      ]
,
          "isVcardOverMmsDocument":false,
          "isForwarded":false,
          "chatId":"554891406417@c.us",
          "fromMe":true,
          "sender":
          {
            "id":"554898153342@c.us",
            "type":"in",
            "formattedName":"Voce",
            "isMe":true,
            "isMyContact":false,
            "isPSA":false,
            "isUser":true,
            "isWAContact":true,
            "profilePicThumbObj":
            {
              "eurl":"https://pps.whatsapp.net/v/t61.24694-24/116269755_2675348859371768_4964371647744728908_n.jpg?oh=ad509d43c106cdcc2cdd305c19215f26&oe=5F9CBF3F",
              "id":"554898153342@c.us",
              "img":"https://web.whatsapp.com/pp?e=https%3A%2F%2Fpps.whatsapp.net%2Fv%2Ft61.24694-24%2F116269755_2675348859371768_4964371647744728908_n.jpg%3Foh%3Dad509d43c106cdcc2cdd305c19215f26%26oe%3D5F9CBF3F&t=s&u=554898153342%40c.us&i=1595640568&n=rQZ%2BS%2Fybn5cRG9ZdvhU7z57BSbmT8VeFZzxIaDJLlcA%3D",
              "imgFull":"https://web.whatsapp.com/pp?e=https%3A%2F%2Fpps.whatsapp.net%2Fv%2Ft61.24694-24%2F116269755_2675348859371768_4964371647744728908_n.jpg%3Foh%3Dad509d43c106cdcc2cdd305c19215f26%26oe%3D5F9CBF3F&t=l&u=554898153342%40c.us&i=1595640568&n=rQZ%2BS%2Fybn5cRG9ZdvhU7z57BSbmT8VeFZzxIaDJLlcA%3D",
              "raw":null,
              "tag":"1595640568"
            }
,
            "msgs":null
          }
,
          "timestamp":1603857759,
          "content":"oi",
          "isGroupMsg":false,
          "isMMS":false,
          "isMedia":false,
          "isNotification":false,
          "isPSA":false,
          "chat":
          {
            "id":"554891406417@c.us",
            "pendingMsgs":false,
            "lastReceivedKey":
            {
              "fromMe":true,
              "remote":"554891406417@c.us",
              "id":"3EB0F8E631A2BC7A88F1",
              "_serialized":"true_554891406417@c.us_3EB0F8E631A2BC7A88F1"
            }
,
            "t":1603857759,
            "unreadCount":0,
            "archive":false,
            "isReadOnly":false,
            "modifyTag":940801,
            "muteExpiration":0,
            "name":"Test",
            "notSpam":true,
            "pin":0,
            "ephemeralDuration":0,
            "ephemeralSettingTimestamp":0,
            "msgs":null,
            "kind":"chat",
            "isGroup":false,
            "formattedTitle":"Test",
            "contact":
            {
              "id":"554891406417@c.us",
              "name":"Test",
              "type":"in",
              "verifiedName":"Test",
              "isBusiness":true,
              "isEnterprise":false,
              "verifiedLevel":0,
              "statusMute":false,
              "labels":
              [
                              ]
,
              "formattedName":"Test",
              "isMe":false,
              "isMyContact":true,
              "isPSA":false,
              "isUser":true,
              "isWAContact":true,
              "profilePicThumbObj":
              {
                "eurl":"https://pps.whatsapp.net/v/t61.24694-24/116116450_107669734274682_8231843971424137748_n.jpg?oh=77506329c882690cbd4bdeb39a2707cc&oe=5F9D1B65",
                "id":"554891406417@c.us",
                "img":"https://web.whatsapp.com/pp?e=https%3A%2F%2Fpps.whatsapp.net%2Fv%2Ft61.24694-24%2F116116450_107669734274682_8231843971424137748_n.jpg%3Foh%3D77506329c882690cbd4bdeb39a2707cc%26oe%3D5F9D1B65&t=s&u=554891406417%40c.us&i=1595551168&n=PilIAT5O28ADzWFzqFrtrQRqQps4G0DoyvXl14gvGsk%3D",
                "imgFull":"https://web.whatsapp.com/pp?e=https%3A%2F%2Fpps.whatsapp.net%2Fv%2Ft61.24694-24%2F116116450_107669734274682_8231843971424137748_n.jpg%3Foh%3D77506329c882690cbd4bdeb39a2707cc%26oe%3D5F9D1B65&t=l&u=554891406417%40c.us&i=1595551168&n=PilIAT5O28ADzWFzqFrtrQRqQps4G0DoyvXl14gvGsk%3D",
                "raw":null,
                "tag":"1595551168"
              }
,
              "msgs":null
            }
,
            "groupMetadata":null,
            "presence":
            {
              "id":"554891406417@c.us",
              "chatstates":
              [
                              ]
            }
          }
,
          "quotedMsgObj":null,
          "mediaData":
          {
                      }
        }
      ]
    }
  ]
}


[28/10/20 01:03:40 - CONSOLE]  
{"name":"getUnreadMessages","result":"{\"result\":[{\"id\":\"554891406417@c.us\",\"pendingMsgs\":false,\"lastReceivedKey\":{\"fromMe\":true,\"remote\":\"554891406417@c.us\",\"id\":\"3EB02320BD6543C1E11B\",\"_serialized\":\"true_554891406417@c.us_3EB02320BD6543C1E11B\"},\"t\":1603857819,\"unreadCount\":0,\"archive\":false,\"isReadOnly\":false,\"modifyTag\":940801,\"muteExpiration\":0,\"name\":\"Test\",\"notSpam\":true,\"pin\":0,\"ephemeralDuration\":0,\"ephemeralSettingTimestamp\":0,\"msgs\":null,\"kind\":\"chat\",\"isGroup\":false,\"formattedTitle\":\"Test\",\"contact\":{\"id\":\"554891406417@c.us\",\"name\":\"Test\",\"type\":\"in\",\"verifiedName\":\"Test\",\"isBusiness\":true,\"isEnterprise\":false,\"verifiedLevel\":0,\"statusMute\":false,\"labels\":[],\"formattedName\":\"Test\",\"isMe\":false,\"isMyContact\":true,\"isPSA\":false,\"isUser\":true,\"isWAContact\":true,\"profilePicThumbObj\":{\"eurl\":\"https://pps.whatsapp.net/v/t61.24694-24/116116450_107669734274682_8231843971424137748_n.jpg?oh=77506329c882690cbd4bdeb39a2707cc&oe=5F9D1B65\",\"id\":\"554891406417@c.us\",\"img\":\"https://web.whatsapp.com/pp?e=https%3A%2F%2Fpps.whatsapp.net%2Fv%2Ft61.24694-24%2F116116450_107669734274682_8231843971424137748_n.jpg%3Foh%3D77506329c882690cbd4bdeb39a2707cc%26oe%3D5F9D1B65&t=s&u=554891406417%40c.us&i=1595551168&n=PilIAT5O28ADzWFzqFrtrQRqQps4G0DoyvXl14gvGsk%3D\",\"imgFull\":\"https://web.whatsapp.com/pp?e=https%3A%2F%2Fpps.whatsapp.net%2Fv%2Ft61.24694-24%2F116116450_107669734274682_8231843971424137748_n.jpg%3Foh%3D77506329c882690cbd4bdeb39a2707cc%26oe%3D5F9D1B65&t=l&u=554891406417%40c.us&i=1595551168&n=PilIAT5O28ADzWFzqFrtrQRqQps4G0DoyvXl14gvGsk%3D\",\"raw\":null,\"tag\":\"1595551168\"},\"msgs\":null},\"groupMetadata\":null,\"presence\":{\"id\":\"554891406417@c.us\",\"chatstates\":[]},\"messages\":[{\"id\":\"true_554891406417@c.us_3EB00A2FBE8FA210FF9E\",\"body\":\"oi\",\"type\":\"chat\",\"subtype\":null,\"t\":1603857819,\"from\":\"554898153342@c.us\",\"to\":\"554891406417@c.us\",\"self\":\"out\",\"ack\":0,\"isNewMsg\":false,\"star\":false,\"mentionedJidList\":[],\"isVcardOverMmsDocument\":false,\"isForwarded\":false,\"chatId\":\"554891406417@c.us\",\"fromMe\":true,\"sender\":{\"id\":\"554898153342@c.us\",\"type\":\"in\",\"formattedName\":\"Voce\",\"isMe\":true,\"isMyContact\":false,\"isPSA\":false,\"isUser\":true,\"isWAContact\":true,\"profilePicThumbObj\":{\"eurl\":\"https://pps.whatsapp.net/v/t61.24694-24/116269755_2675348859371768_4964371647744728908_n.jpg?oh=ad509d43c106cdcc2cdd305c19215f26&oe=5F9CBF3F\",\"id\":\"554898153342@c.us\",\"img\":\"https://web.whatsapp.com/pp?e=https%3A%2F%2Fpps.whatsapp.net%2Fv%2Ft61.24694-24%2F116269755_2675348859371768_4964371647744728908_n.jpg%3Foh%3Dad509d43c106cdcc2cdd305c19215f26%26oe%3D5F9CBF3F&t=s&u=554898153342%40c.us&i=1595640568&n=rQZ%2BS%2Fybn5cRG9ZdvhU7z57BSbmT8VeFZzxIaDJLlcA%3D\",\"imgFull\":\"https://web.whatsapp.com/pp?e=https%3A%2F%2Fpps.whatsapp.net%2Fv%2Ft61.24694-24%2F116269755_2675348859371768_4964371647744728908_n.jpg%3Foh%3Dad509d43c106cdcc2cdd305c19215f26%26oe%3D5F9CBF3F&t=l&u=554898153342%40c.us&i=1595640568&n=rQZ%2BS%2Fybn5cRG9ZdvhU7z57BSbmT8VeFZzxIaDJLlcA%3D\",\"raw\":null,\"tag\":\"1595640568\"},\"msgs\":null},\"timestamp\":1603857819,\"content\":\"oi\",\"isGroupMsg\":false,\"isMMS\":false,\"isMedia\":false,\"isNotification\":false,\"isPSA\":false,\"chat\":{\"id\":\"554891406417@c.us\",\"pendingMsgs\":false,\"lastReceivedKey\":{\"fromMe\":true,\"remote\":\"554891406417@c.us\",\"id\":\"3EB02320BD6543C1E11B\",\"_serialized\":\"true_554891406417@c.us_3EB02320BD6543C1E11B\"},\"t\":1603857819,\"unreadCount\":0,\"archive\":false,\"isReadOnly\":false,\"modifyTag\":940801,\"muteExpiration\":0,\"name\":\"Test\",\"notSpam\":true,\"pin\":0,\"ephemeralDuration\":0,\"ephemeralSettingTimestamp\":0,\"msgs\":null,\"kind\":\"chat\",\"isGroup\":false,\"formattedTitle\":\"Test\",\"contact\":{\"id\":\"554891406417@c.us\",\"name\":\"Test\",\"type\":\"in\",\"verifiedName\":\"Test\",\"isBusiness\":true,\"isEnterprise\":false,\"verifiedLevel\":0,\"statusMute\":false,\"labels\":[],\"formattedName\":\"Test\",\"isMe\":false,\"isMyContact\":true,\"isPSA\":false,\"isUser\":true,\"isWAContact\":true,\"profilePicThumbObj\":{\"eurl\":\"https://pps.whatsapp.net/v/t61.24694-24/116116450_107669734274682_8231843971424137748_n.jpg?oh=77506329c882690cbd4bdeb39a2707cc&oe=5F9D1B65\",\"id\":\"554891406417@c.us\",\"img\":\"https://web.whatsapp.com/pp?e=https%3A%2F%2Fpps.whatsapp.net%2Fv%2Ft61.24694-24%2F116116450_107669734274682_8231843971424137748_n.jpg%3Foh%3D77506329c882690cbd4bdeb39a2707cc%26oe%3D5F9D1B65&t=s&u=554891406417%40c.us&i=1595551168&n=PilIAT5O28ADzWFzqFrtrQRqQps4G0DoyvXl14gvGsk%3D\",\"imgFull\":\"https://web.whatsapp.com/pp?e=https%3A%2F%2Fpps.whatsapp.net%2Fv%2Ft61.24694-24%2F116116450_107669734274682_8231843971424137748_n.jpg%3Foh%3D77506329c882690cbd4bdeb39a2707cc%26oe%3D5F9D1B65&t=l&u=554891406417%40c.us&i=1595551168&n=PilIAT5O28ADzWFzqFrtrQRqQps4G0DoyvXl14gvGsk%3D\",\"raw\":null,\"tag\":\"1595551168\"},\"msgs\":null},\"groupMetadata\":null,\"presence\":{\"id\":\"554891406417@c.us\",\"chatstates\":[]}},\"quotedMsgObj\":null,\"mediaData\":{}}]}]}"}
[28/10/20 01:03:40 - TChatList]  
{
  "result":
  [
        {
      "id":"554891406417@c.us",
      "pendingMsgs":false,
      "lastReceivedKey":
      {
        "fromMe":true,
        "remote":"554891406417@c.us",
        "id":"3EB02320BD6543C1E11B",
        "_serialized":"true_554891406417@c.us_3EB02320BD6543C1E11B"
      }
,
      "t":1603857819,
      "unreadCount":0,
      "archive":false,
      "isReadOnly":false,
      "modifyTag":940801,
      "muteExpiration":0,
      "name":"Test",
      "notSpam":true,
      "pin":0,
      "ephemeralDuration":0,
      "ephemeralSettingTimestamp":0,
      "msgs":null,
      "kind":"chat",
      "isGroup":false,
      "formattedTitle":"Test",
      "contact":
      {
        "id":"554891406417@c.us",
        "name":"Test",
        "type":"in",
        "verifiedName":"Test",
        "isBusiness":true,
        "isEnterprise":false,
        "verifiedLevel":0,
        "statusMute":false,
        "labels":
        [
                  ]
,
        "formattedName":"Test",
        "isMe":false,
        "isMyContact":true,
        "isPSA":false,
        "isUser":true,
        "isWAContact":true,
        "profilePicThumbObj":
        {
          "eurl":"https://pps.whatsapp.net/v/t61.24694-24/116116450_107669734274682_8231843971424137748_n.jpg?oh=77506329c882690cbd4bdeb39a2707cc&oe=5F9D1B65",
          "id":"554891406417@c.us",
          "img":"https://web.whatsapp.com/pp?e=https%3A%2F%2Fpps.whatsapp.net%2Fv%2Ft61.24694-24%2F116116450_107669734274682_8231843971424137748_n.jpg%3Foh%3D77506329c882690cbd4bdeb39a2707cc%26oe%3D5F9D1B65&t=s&u=554891406417%40c.us&i=1595551168&n=PilIAT5O28ADzWFzqFrtrQRqQps4G0DoyvXl14gvGsk%3D",
          "imgFull":"https://web.whatsapp.com/pp?e=https%3A%2F%2Fpps.whatsapp.net%2Fv%2Ft61.24694-24%2F116116450_107669734274682_8231843971424137748_n.jpg%3Foh%3D77506329c882690cbd4bdeb39a2707cc%26oe%3D5F9D1B65&t=l&u=554891406417%40c.us&i=1595551168&n=PilIAT5O28ADzWFzqFrtrQRqQps4G0DoyvXl14gvGsk%3D",
          "raw":null,
          "tag":"1595551168"
        }
,
        "msgs":null
      }
,
      "groupMetadata":null,
      "presence":
      {
        "id":"554891406417@c.us",
        "chatstates":
        [
                  ]
      }
,
      "messages":
      [
                {
          "id":"true_554891406417@c.us_3EB00A2FBE8FA210FF9E",
          "body":"oi",
          "type":"chat",
          "subtype":null,
          "t":1603857819,
          "from":"554898153342@c.us",
          "to":"554891406417@c.us",
          "self":"out",
          "ack":0,
          "isNewMsg":false,
          "star":false,
          "mentionedJidList":
          [
                      ]
,
          "isVcardOverMmsDocument":false,
          "isForwarded":false,
          "chatId":"554891406417@c.us",
          "fromMe":true,
          "sender":
          {
            "id":"554898153342@c.us",
            "type":"in",
            "formattedName":"Voce",
            "isMe":true,
            "isMyContact":false,
            "isPSA":false,
            "isUser":true,
            "isWAContact":true,
            "profilePicThumbObj":
            {
              "eurl":"https://pps.whatsapp.net/v/t61.24694-24/116269755_2675348859371768_4964371647744728908_n.jpg?oh=ad509d43c106cdcc2cdd305c19215f26&oe=5F9CBF3F",
              "id":"554898153342@c.us",
              "img":"https://web.whatsapp.com/pp?e=https%3A%2F%2Fpps.whatsapp.net%2Fv%2Ft61.24694-24%2F116269755_2675348859371768_4964371647744728908_n.jpg%3Foh%3Dad509d43c106cdcc2cdd305c19215f26%26oe%3D5F9CBF3F&t=s&u=554898153342%40c.us&i=1595640568&n=rQZ%2BS%2Fybn5cRG9ZdvhU7z57BSbmT8VeFZzxIaDJLlcA%3D",
              "imgFull":"https://web.whatsapp.com/pp?e=https%3A%2F%2Fpps.whatsapp.net%2Fv%2Ft61.24694-24%2F116269755_2675348859371768_4964371647744728908_n.jpg%3Foh%3Dad509d43c106cdcc2cdd305c19215f26%26oe%3D5F9CBF3F&t=l&u=554898153342%40c.us&i=1595640568&n=rQZ%2BS%2Fybn5cRG9ZdvhU7z57BSbmT8VeFZzxIaDJLlcA%3D",
              "raw":null,
              "tag":"1595640568"
            }
,
            "msgs":null
          }
,
          "timestamp":1603857819,
          "content":"oi",
          "isGroupMsg":false,
          "isMMS":false,
          "isMedia":false,
          "isNotification":false,
          "isPSA":false,
          "chat":
          {
            "id":"554891406417@c.us",
            "pendingMsgs":false,
            "lastReceivedKey":
            {
              "fromMe":true,
              "remote":"554891406417@c.us",
              "id":"3EB02320BD6543C1E11B",
              "_serialized":"true_554891406417@c.us_3EB02320BD6543C1E11B"
            }
,
            "t":1603857819,
            "unreadCount":0,
            "archive":false,
            "isReadOnly":false,
            "modifyTag":940801,
            "muteExpiration":0,
            "name":"Test",
            "notSpam":true,
            "pin":0,
            "ephemeralDuration":0,
            "ephemeralSettingTimestamp":0,
            "msgs":null,
            "kind":"chat",
            "isGroup":false,
            "formattedTitle":"Test",
            "contact":
            {
              "id":"554891406417@c.us",
              "name":"Test",
              "type":"in",
              "verifiedName":"Test",
              "isBusiness":true,
              "isEnterprise":false,
              "verifiedLevel":0,
              "statusMute":false,
              "labels":
              [
                              ]
,
              "formattedName":"Test",
              "isMe":false,
              "isMyContact":true,
              "isPSA":false,
              "isUser":true,
              "isWAContact":true,
              "profilePicThumbObj":
              {
                "eurl":"https://pps.whatsapp.net/v/t61.24694-24/116116450_107669734274682_8231843971424137748_n.jpg?oh=77506329c882690cbd4bdeb39a2707cc&oe=5F9D1B65",
                "id":"554891406417@c.us",
                "img":"https://web.whatsapp.com/pp?e=https%3A%2F%2Fpps.whatsapp.net%2Fv%2Ft61.24694-24%2F116116450_107669734274682_8231843971424137748_n.jpg%3Foh%3D77506329c882690cbd4bdeb39a2707cc%26oe%3D5F9D1B65&t=s&u=554891406417%40c.us&i=1595551168&n=PilIAT5O28ADzWFzqFrtrQRqQps4G0DoyvXl14gvGsk%3D",
                "imgFull":"https://web.whatsapp.com/pp?e=https%3A%2F%2Fpps.whatsapp.net%2Fv%2Ft61.24694-24%2F116116450_107669734274682_8231843971424137748_n.jpg%3Foh%3D77506329c882690cbd4bdeb39a2707cc%26oe%3D5F9D1B65&t=l&u=554891406417%40c.us&i=1595551168&n=PilIAT5O28ADzWFzqFrtrQRqQps4G0DoyvXl14gvGsk%3D",
                "raw":null,
                "tag":"1595551168"
              }
,
              "msgs":null
            }
,
            "groupMetadata":null,
            "presence":
            {
              "id":"554891406417@c.us",
              "chatstates":
              [
                              ]
            }
          }
,
          "quotedMsgObj":null,
          "mediaData":
          {
                      }
        }
      ]
    }
  ]
}


[28/10/20 01:04:25 - CONSOLE]  
{"name":"getBatteryLevel","result":"{\"result\":22}"}
[28/10/20 01:04:25 - TResponseBattery]  
{
  "result":22
}


[28/10/20 01:04:40 - CONSOLE]  
{"name":"getUnreadMessages","result":"{\"result\":[{\"id\":\"554891406417@c.us\",\"pendingMsgs\":false,\"lastReceivedKey\":{\"fromMe\":true,\"remote\":\"554891406417@c.us\",\"id\":\"3EB02320BD6543C1E11B\",\"_serialized\":\"true_554891406417@c.us_3EB02320BD6543C1E11B\"},\"t\":1603857879,\"unreadCount\":0,\"archive\":false,\"isReadOnly\":false,\"modifyTag\":940801,\"muteExpiration\":0,\"name\":\"Test\",\"notSpam\":true,\"pin\":0,\"ephemeralDuration\":0,\"ephemeralSettingTimestamp\":0,\"msgs\":null,\"kind\":\"chat\",\"isGroup\":false,\"formattedTitle\":\"Test\",\"contact\":{\"id\":\"554891406417@c.us\",\"name\":\"Test\",\"type\":\"in\",\"verifiedName\":\"Test\",\"isBusiness\":true,\"isEnterprise\":false,\"verifiedLevel\":0,\"statusMute\":false,\"labels\":[],\"formattedName\":\"Test\",\"isMe\":false,\"isMyContact\":true,\"isPSA\":false,\"isUser\":true,\"isWAContact\":true,\"profilePicThumbObj\":{\"eurl\":\"https://pps.whatsapp.net/v/t61.24694-24/116116450_107669734274682_8231843971424137748_n.jpg?oh=77506329c882690cbd4bdeb39a2707cc&oe=5F9D1B65\",\"id\":\"554891406417@c.us\",\"img\":\"https://web.whatsapp.com/pp?e=https%3A%2F%2Fpps.whatsapp.net%2Fv%2Ft61.24694-24%2F116116450_107669734274682_8231843971424137748_n.jpg%3Foh%3D77506329c882690cbd4bdeb39a2707cc%26oe%3D5F9D1B65&t=s&u=554891406417%40c.us&i=1595551168&n=PilIAT5O28ADzWFzqFrtrQRqQps4G0DoyvXl14gvGsk%3D\",\"imgFull\":\"https://web.whatsapp.com/pp?e=https%3A%2F%2Fpps.whatsapp.net%2Fv%2Ft61.24694-24%2F116116450_107669734274682_8231843971424137748_n.jpg%3Foh%3D77506329c882690cbd4bdeb39a2707cc%26oe%3D5F9D1B65&t=l&u=554891406417%40c.us&i=1595551168&n=PilIAT5O28ADzWFzqFrtrQRqQps4G0DoyvXl14gvGsk%3D\",\"raw\":null,\"tag\":\"1595551168\"},\"msgs\":null},\"groupMetadata\":null,\"presence\":{\"id\":\"554891406417@c.us\",\"chatstates\":[]},\"messages\":[{\"id\":\"true_554891406417@c.us_3EB03494F37391258E40\",\"body\":\"oi\",\"type\":\"chat\",\"subtype\":null,\"t\":1603857879,\"from\":\"554898153342@c.us\",\"to\":\"554891406417@c.us\",\"self\":\"out\",\"ack\":0,\"isNewMsg\":false,\"star\":false,\"mentionedJidList\":[],\"isVcardOverMmsDocument\":false,\"isForwarded\":false,\"chatId\":\"554891406417@c.us\",\"fromMe\":true,\"sender\":{\"id\":\"554898153342@c.us\",\"type\":\"in\",\"formattedName\":\"Voce\",\"isMe\":true,\"isMyContact\":false,\"isPSA\":false,\"isUser\":true,\"isWAContact\":true,\"profilePicThumbObj\":{\"eurl\":\"https://pps.whatsapp.net/v/t61.24694-24/116269755_2675348859371768_4964371647744728908_n.jpg?oh=ad509d43c106cdcc2cdd305c19215f26&oe=5F9CBF3F\",\"id\":\"554898153342@c.us\",\"img\":\"https://web.whatsapp.com/pp?e=https%3A%2F%2Fpps.whatsapp.net%2Fv%2Ft61.24694-24%2F116269755_2675348859371768_4964371647744728908_n.jpg%3Foh%3Dad509d43c106cdcc2cdd305c19215f26%26oe%3D5F9CBF3F&t=s&u=554898153342%40c.us&i=1595640568&n=rQZ%2BS%2Fybn5cRG9ZdvhU7z57BSbmT8VeFZzxIaDJLlcA%3D\",\"imgFull\":\"https://web.whatsapp.com/pp?e=https%3A%2F%2Fpps.whatsapp.net%2Fv%2Ft61.24694-24%2F116269755_2675348859371768_4964371647744728908_n.jpg%3Foh%3Dad509d43c106cdcc2cdd305c19215f26%26oe%3D5F9CBF3F&t=l&u=554898153342%40c.us&i=1595640568&n=rQZ%2BS%2Fybn5cRG9ZdvhU7z57BSbmT8VeFZzxIaDJLlcA%3D\",\"raw\":null,\"tag\":\"1595640568\"},\"msgs\":null},\"timestamp\":1603857879,\"content\":\"oi\",\"isGroupMsg\":false,\"isMMS\":false,\"isMedia\":false,\"isNotification\":false,\"isPSA\":false,\"chat\":{\"id\":\"554891406417@c.us\",\"pendingMsgs\":false,\"lastReceivedKey\":{\"fromMe\":true,\"remote\":\"554891406417@c.us\",\"id\":\"3EB02320BD6543C1E11B\",\"_serialized\":\"true_554891406417@c.us_3EB02320BD6543C1E11B\"},\"t\":1603857879,\"unreadCount\":0,\"archive\":false,\"isReadOnly\":false,\"modifyTag\":940801,\"muteExpiration\":0,\"name\":\"Test\",\"notSpam\":true,\"pin\":0,\"ephemeralDuration\":0,\"ephemeralSettingTimestamp\":0,\"msgs\":null,\"kind\":\"chat\",\"isGroup\":false,\"formattedTitle\":\"Test\",\"contact\":{\"id\":\"554891406417@c.us\",\"name\":\"Test\",\"type\":\"in\",\"verifiedName\":\"Test\",\"isBusiness\":true,\"isEnterprise\":false,\"verifiedLevel\":0,\"statusMute\":false,\"labels\":[],\"formattedName\":\"Test\",\"isMe\":false,\"isMyContact\":true,\"isPSA\":false,\"isUser\":true,\"isWAContact\":true,\"profilePicThumbObj\":{\"eurl\":\"https://pps.whatsapp.net/v/t61.24694-24/116116450_107669734274682_8231843971424137748_n.jpg?oh=77506329c882690cbd4bdeb39a2707cc&oe=5F9D1B65\",\"id\":\"554891406417@c.us\",\"img\":\"https://web.whatsapp.com/pp?e=https%3A%2F%2Fpps.whatsapp.net%2Fv%2Ft61.24694-24%2F116116450_107669734274682_8231843971424137748_n.jpg%3Foh%3D77506329c882690cbd4bdeb39a2707cc%26oe%3D5F9D1B65&t=s&u=554891406417%40c.us&i=1595551168&n=PilIAT5O28ADzWFzqFrtrQRqQps4G0DoyvXl14gvGsk%3D\",\"imgFull\":\"https://web.whatsapp.com/pp?e=https%3A%2F%2Fpps.whatsapp.net%2Fv%2Ft61.24694-24%2F116116450_107669734274682_8231843971424137748_n.jpg%3Foh%3D77506329c882690cbd4bdeb39a2707cc%26oe%3D5F9D1B65&t=l&u=554891406417%40c.us&i=1595551168&n=PilIAT5O28ADzWFzqFrtrQRqQps4G0DoyvXl14gvGsk%3D\",\"raw\":null,\"tag\":\"1595551168\"},\"msgs\":null},\"groupMetadata\":null,\"presence\":{\"id\":\"554891406417@c.us\",\"chatstates\":[]}},\"quotedMsgObj\":null,\"mediaData\":{}}]}]}"}
[28/10/20 01:04:40 - TChatList]  
{
  "result":
  [
        {
      "id":"554891406417@c.us",
      "pendingMsgs":false,
      "lastReceivedKey":
      {
        "fromMe":true,
        "remote":"554891406417@c.us",
        "id":"3EB02320BD6543C1E11B",
        "_serialized":"true_554891406417@c.us_3EB02320BD6543C1E11B"
      }
,
      "t":1603857879,
      "unreadCount":0,
      "archive":false,
      "isReadOnly":false,
      "modifyTag":940801,
      "muteExpiration":0,
      "name":"Test",
      "notSpam":true,
      "pin":0,
      "ephemeralDuration":0,
      "ephemeralSettingTimestamp":0,
      "msgs":null,
      "kind":"chat",
      "isGroup":false,
      "formattedTitle":"Test",
      "contact":
      {
        "id":"554891406417@c.us",
        "name":"Test",
        "type":"in",
        "verifiedName":"Test",
        "isBusiness":true,
        "isEnterprise":false,
        "verifiedLevel":0,
        "statusMute":false,
        "labels":
        [
                  ]
,
        "formattedName":"Test",
        "isMe":false,
        "isMyContact":true,
        "isPSA":false,
        "isUser":true,
        "isWAContact":true,
        "profilePicThumbObj":
        {
          "eurl":"https://pps.whatsapp.net/v/t61.24694-24/116116450_107669734274682_8231843971424137748_n.jpg?oh=77506329c882690cbd4bdeb39a2707cc&oe=5F9D1B65",
          "id":"554891406417@c.us",
          "img":"https://web.whatsapp.com/pp?e=https%3A%2F%2Fpps.whatsapp.net%2Fv%2Ft61.24694-24%2F116116450_107669734274682_8231843971424137748_n.jpg%3Foh%3D77506329c882690cbd4bdeb39a2707cc%26oe%3D5F9D1B65&t=s&u=554891406417%40c.us&i=1595551168&n=PilIAT5O28ADzWFzqFrtrQRqQps4G0DoyvXl14gvGsk%3D",
          "imgFull":"https://web.whatsapp.com/pp?e=https%3A%2F%2Fpps.whatsapp.net%2Fv%2Ft61.24694-24%2F116116450_107669734274682_8231843971424137748_n.jpg%3Foh%3D77506329c882690cbd4bdeb39a2707cc%26oe%3D5F9D1B65&t=l&u=554891406417%40c.us&i=1595551168&n=PilIAT5O28ADzWFzqFrtrQRqQps4G0DoyvXl14gvGsk%3D",
          "raw":null,
          "tag":"1595551168"
        }
,
        "msgs":null
      }
,
      "groupMetadata":null,
      "presence":
      {
        "id":"554891406417@c.us",
        "chatstates":
        [
                  ]
      }
,
      "messages":
      [
                {
          "id":"true_554891406417@c.us_3EB03494F37391258E40",
          "body":"oi",
          "type":"chat",
          "subtype":null,
          "t":1603857879,
          "from":"554898153342@c.us",
          "to":"554891406417@c.us",
          "self":"out",
          "ack":0,
          "isNewMsg":false,
          "star":false,
          "mentionedJidList":
          [
                      ]
,
          "isVcardOverMmsDocument":false,
          "isForwarded":false,
          "chatId":"554891406417@c.us",
          "fromMe":true,
          "sender":
          {
            "id":"554898153342@c.us",
            "type":"in",
            "formattedName":"Voce",
            "isMe":true,
            "isMyContact":false,
            "isPSA":false,
            "isUser":true,
            "isWAContact":true,
            "profilePicThumbObj":
            {
              "eurl":"https://pps.whatsapp.net/v/t61.24694-24/116269755_2675348859371768_4964371647744728908_n.jpg?oh=ad509d43c106cdcc2cdd305c19215f26&oe=5F9CBF3F",
              "id":"554898153342@c.us",
              "img":"https://web.whatsapp.com/pp?e=https%3A%2F%2Fpps.whatsapp.net%2Fv%2Ft61.24694-24%2F116269755_2675348859371768_4964371647744728908_n.jpg%3Foh%3Dad509d43c106cdcc2cdd305c19215f26%26oe%3D5F9CBF3F&t=s&u=554898153342%40c.us&i=1595640568&n=rQZ%2BS%2Fybn5cRG9ZdvhU7z57BSbmT8VeFZzxIaDJLlcA%3D",
              "imgFull":"https://web.whatsapp.com/pp?e=https%3A%2F%2Fpps.whatsapp.net%2Fv%2Ft61.24694-24%2F116269755_2675348859371768_4964371647744728908_n.jpg%3Foh%3Dad509d43c106cdcc2cdd305c19215f26%26oe%3D5F9CBF3F&t=l&u=554898153342%40c.us&i=1595640568&n=rQZ%2BS%2Fybn5cRG9ZdvhU7z57BSbmT8VeFZzxIaDJLlcA%3D",
              "raw":null,
              "tag":"1595640568"
            }
,
            "msgs":null
          }
,
          "timestamp":1603857879,
          "content":"oi",
          "isGroupMsg":false,
          "isMMS":false,
          "isMedia":false,
          "isNotification":false,
          "isPSA":false,
          "chat":
          {
            "id":"554891406417@c.us",
            "pendingMsgs":false,
            "lastReceivedKey":
            {
              "fromMe":true,
              "remote":"554891406417@c.us",
              "id":"3EB02320BD6543C1E11B",
              "_serialized":"true_554891406417@c.us_3EB02320BD6543C1E11B"
            }
,
            "t":1603857879,
            "unreadCount":0,
            "archive":false,
            "isReadOnly":false,
            "modifyTag":940801,
            "muteExpiration":0,
            "name":"Test",
            "notSpam":true,
            "pin":0,
            "ephemeralDuration":0,
            "ephemeralSettingTimestamp":0,
            "msgs":null,
            "kind":"chat",
            "isGroup":false,
            "formattedTitle":"Test",
            "contact":
            {
              "id":"554891406417@c.us",
              "name":"Test",
              "type":"in",
              "verifiedName":"Test",
              "isBusiness":true,
              "isEnterprise":false,
              "verifiedLevel":0,
              "statusMute":false,
              "labels":
              [
                              ]
,
              "formattedName":"Test",
              "isMe":false,
              "isMyContact":true,
              "isPSA":false,
              "isUser":true,
              "isWAContact":true,
              "profilePicThumbObj":
              {
                "eurl":"https://pps.whatsapp.net/v/t61.24694-24/116116450_107669734274682_8231843971424137748_n.jpg?oh=77506329c882690cbd4bdeb39a2707cc&oe=5F9D1B65",
                "id":"554891406417@c.us",
                "img":"https://web.whatsapp.com/pp?e=https%3A%2F%2Fpps.whatsapp.net%2Fv%2Ft61.24694-24%2F116116450_107669734274682_8231843971424137748_n.jpg%3Foh%3D77506329c882690cbd4bdeb39a2707cc%26oe%3D5F9D1B65&t=s&u=554891406417%40c.us&i=1595551168&n=PilIAT5O28ADzWFzqFrtrQRqQps4G0DoyvXl14gvGsk%3D",
                "imgFull":"https://web.whatsapp.com/pp?e=https%3A%2F%2Fpps.whatsapp.net%2Fv%2Ft61.24694-24%2F116116450_107669734274682_8231843971424137748_n.jpg%3Foh%3D77506329c882690cbd4bdeb39a2707cc%26oe%3D5F9D1B65&t=l&u=554891406417%40c.us&i=1595551168&n=PilIAT5O28ADzWFzqFrtrQRqQps4G0DoyvXl14gvGsk%3D",
                "raw":null,
                "tag":"1595551168"
              }
,
              "msgs":null
            }
,
            "groupMetadata":null,
            "presence":
            {
              "id":"554891406417@c.us",
              "chatstates":
              [
                              ]
            }
          }
,
          "quotedMsgObj":null,
          "mediaData":
          {
                      }
        }
      ]
    }
  ]
}

[28/10/20 01:05:22 - TResultQRCodeClass]  
{
  "result":
  [
      ]
}
