

[28/09/20 11:00:13 - CONSOLE]  
{"name":"getBatteryLevel","result":"{\"result\":31}"}
[28/09/20 11:00:13 - TResponseBattery]  
{
  "result":31
}


[28/09/20 11:03:23 - CONSOLE]  
{"name":"getBatteryLevel","result":"{\"result\":31}"}
[28/09/20 11:03:23 - TResponseBattery]  
{
  "result":31
}


[28/09/20 11:06:33 - CONSOLE]  
{"name":"getBatteryLevel","result":"{\"result\":31}"}
[28/09/20 11:06:33 - TResponseBattery]  
{
  "result":31
}


[28/09/20 11:09:43 - CONSOLE]  
{"name":"getBatteryLevel","result":"{\"result\":31}"}
[28/09/20 11:09:43 - TResponseBattery]  
{
  "result":31
}


[28/09/20 11:12:53 - CONSOLE]  
{"name":"getBatteryLevel","result":"{\"result\":31}"}
[28/09/20 11:12:53 - TResponseBattery]  
{
  "result":31
}


[28/09/20 11:16:03 - CONSOLE]  
{"name":"getBatteryLevel","result":"{\"result\":31}"}
[28/09/20 11:16:03 - TResponseBattery]  
{
  "result":31
}


[28/09/20 11:19:13 - CONSOLE]  
{"name":"getBatteryLevel","result":"{\"result\":31}"}
[28/09/20 11:19:13 - TResponseBattery]  
{
  "result":31
}


[28/09/20 11:22:23 - CONSOLE]  
{"name":"getBatteryLevel","result":"{\"result\":31}"}
[28/09/20 11:22:23 - TResponseBattery]  
{
  "result":31
}


[28/09/20 11:25:33 - CONSOLE]  
{"name":"getBatteryLevel","result":"{\"result\":31}"}
[28/09/20 11:25:33 - TResponseBattery]  
{
  "result":31
}


[28/09/20 11:28:43 - CONSOLE]  
{"name":"getBatteryLevel","result":"{\"result\":31}"}
[28/09/20 11:28:43 - TResponseBattery]  
{
  "result":31
}


[28/09/20 11:31:53 - CONSOLE]  
{"name":"getBatteryLevel","result":"{\"result\":31}"}
[28/09/20 11:31:53 - TResponseBattery]  
{
  "result":31
}


[28/09/20 11:35:03 - CONSOLE]  
{"name":"getBatteryLevel","result":"{\"result\":31}"}
[28/09/20 11:35:03 - TResponseBattery]  
{
  "result":31
}


[28/09/20 11:38:13 - CONSOLE]  
{"name":"getBatteryLevel","result":"{\"result\":31}"}
[28/09/20 11:38:13 - TResponseBattery]  
{
  "result":31
}


[28/09/20 11:41:23 - CONSOLE]  
{"name":"getBatteryLevel","result":"{\"result\":31}"}
[28/09/20 11:41:23 - TResponseBattery]  
{
  "result":31
}


[28/09/20 11:44:33 - CONSOLE]  
{"name":"getBatteryLevel","result":"{\"result\":31}"}
[28/09/20 11:44:33 - TResponseBattery]  
{
  "result":31
}


[28/09/20 11:47:43 - CONSOLE]  
{"name":"getBatteryLevel","result":"{\"result\":31}"}
[28/09/20 11:47:43 - TResponseBattery]  
{
  "result":31
}


[28/09/20 11:50:53 - CONSOLE]  
{"name":"getBatteryLevel","result":"{\"result\":31}"}
[28/09/20 11:50:53 - TResponseBattery]  
{
  "result":31
}


[28/09/20 11:54:03 - CONSOLE]  
{"name":"getBatteryLevel","result":"{\"result\":31}"}
[28/09/20 11:54:03 - TResponseBattery]  
{
  "result":31
}


[28/09/20 11:57:13 - CONSOLE]  
{"name":"getBatteryLevel","result":"{\"result\":31}"}
[28/09/20 11:57:13 - TResponseBattery]  
{
  "result":31
}
