

[24/09/20 23:00:11 - CONSOLE]  
{"name":"getBatteryLevel","result":"{\"result\":29}"}
[24/09/20 23:00:11 - TResponseBattery]  
{
  "result":29
}


[24/09/20 23:03:21 - CONSOLE]  
{"name":"getBatteryLevel","result":"{\"result\":29}"}
[24/09/20 23:03:21 - TResponseBattery]  
{
  "result":29
}


[24/09/20 23:06:31 - CONSOLE]  
{"name":"getBatteryLevel","result":"{\"result\":29}"}
[24/09/20 23:06:31 - TResponseBattery]  
{
  "result":29
}


[24/09/20 23:09:41 - CONSOLE]  
{"name":"getBatteryLevel","result":"{\"result\":29}"}
[24/09/20 23:09:41 - TResponseBattery]  
{
  "result":29
}


[24/09/20 23:12:51 - CONSOLE]  
{"name":"getBatteryLevel","result":"{\"result\":29}"}
[24/09/20 23:12:51 - TResponseBattery]  
{
  "result":29
}


[24/09/20 23:16:01 - CONSOLE]  
{"name":"getBatteryLevel","result":"{\"result\":29}"}
[24/09/20 23:16:01 - TResponseBattery]  
{
  "result":29
}


[24/09/20 23:19:11 - CONSOLE]  
{"name":"getBatteryLevel","result":"{\"result\":29}"}
[24/09/20 23:19:11 - TResponseBattery]  
{
  "result":29
}


[24/09/20 23:22:21 - CONSOLE]  
{"name":"getBatteryLevel","result":"{\"result\":29}"}
[24/09/20 23:22:21 - TResponseBattery]  
{
  "result":29
}


[24/09/20 23:25:31 - CONSOLE]  
{"name":"getBatteryLevel","result":"{\"result\":29}"}
[24/09/20 23:25:31 - TResponseBattery]  
{
  "result":29
}


[24/09/20 23:28:41 - CONSOLE]  
{"name":"getBatteryLevel","result":"{\"result\":29}"}
[24/09/20 23:28:41 - TResponseBattery]  
{
  "result":29
}


[24/09/20 23:31:51 - CONSOLE]  
{"name":"getBatteryLevel","result":"{\"result\":29}"}
[24/09/20 23:31:51 - TResponseBattery]  
{
  "result":29
}


[24/09/20 23:35:01 - CONSOLE]  
{"name":"getBatteryLevel","result":"{\"result\":29}"}
[24/09/20 23:35:01 - TResponseBattery]  
{
  "result":29
}


[24/09/20 23:38:11 - CONSOLE]  
{"name":"getBatteryLevel","result":"{\"result\":29}"}
[24/09/20 23:38:11 - TResponseBattery]  
{
  "result":29
}


[24/09/20 23:41:21 - CONSOLE]  
{"name":"getBatteryLevel","result":"{\"result\":29}"}
[24/09/20 23:41:21 - TResponseBattery]  
{
  "result":29
}


[24/09/20 23:44:31 - CONSOLE]  
{"name":"getBatteryLevel","result":"{\"result\":29}"}
[24/09/20 23:44:31 - TResponseBattery]  
{
  "result":29
}


[24/09/20 23:47:41 - CONSOLE]  
{"name":"getBatteryLevel","result":"{\"result\":29}"}
[24/09/20 23:47:41 - TResponseBattery]  
{
  "result":29
}


[24/09/20 23:50:51 - CONSOLE]  
{"name":"getBatteryLevel","result":"{\"result\":29}"}
[24/09/20 23:50:52 - TResponseBattery]  
{
  "result":29
}


[24/09/20 23:54:01 - CONSOLE]  
{"name":"getBatteryLevel","result":"{\"result\":29}"}
[24/09/20 23:54:01 - TResponseBattery]  
{
  "result":29
}


[24/09/20 23:57:11 - CONSOLE]  
{"name":"getBatteryLevel","result":"{\"result\":29}"}
[24/09/20 23:57:12 - TResponseBattery]  
{
  "result":29
}
