

[22/09/20 23:00:27 - CONSOLE]  
{"name":"getBatteryLevel","result":"{\"result\":21}"}
[22/09/20 23:00:27 - TResponseBattery]  
{
  "result":21
}


[22/09/20 23:02:07 - CONSOLE]  
{"name":"getUnreadMessages","result":"{\"result\":[{\"id\":\"554891406417@c.us\",\"pendingMsgs\":false,\"lastReceivedKey\":{\"fromMe\":true,\"remote\":\"554891406417@c.us\",\"id\":\"3EB009EFF055EF566C1B\",\"_serialized\":\"true_554891406417@c.us_3EB009EFF055EF566C1B\"},\"t\":1600826527,\"unreadCount\":0,\"archive\":false,\"isReadOnly\":false,\"muteExpiration\":0,\"name\":\"Test\",\"notSpam\":true,\"pin\":0,\"msgs\":null,\"kind\":\"chat\",\"isGroup\":false,\"formattedTitle\":\"Test\",\"contact\":{\"id\":\"554891406417@c.us\",\"name\":\"Test\",\"type\":\"in\",\"verifiedName\":\"Test\",\"isBusiness\":true,\"isEnterprise\":false,\"verifiedLevel\":0,\"statusMute\":false,\"labels\":[],\"formattedName\":\"Test\",\"isMe\":false,\"isMyContact\":true,\"isPSA\":false,\"isUser\":true,\"isWAContact\":true,\"profilePicThumbObj\":{\"eurl\":\"https://pps.whatsapp.net/v/t61.24694-24/116116450_107669734274682_8231843971424137748_n.jpg?oh=7f75ea90cd915abad53b7c4a45bd3cce&oe=5F6EF6E5\",\"id\":\"554891406417@c.us\",\"img\":\"https://web.whatsapp.com/pp?e=https%3A%2F%2Fpps.whatsapp.net%2Fv%2Ft61.24694-24%2F116116450_107669734274682_8231843971424137748_n.jpg%3Foh%3D7f75ea90cd915abad53b7c4a45bd3cce%26oe%3D5F6EF6E5&t=s&u=554891406417%40c.us&i=1595551168&n=PilIAT5O28ADzWFzqFrtrQRqQps4G0DoyvXl14gvGsk%3D\",\"imgFull\":\"https://web.whatsapp.com/pp?e=https%3A%2F%2Fpps.whatsapp.net%2Fv%2Ft61.24694-24%2F116116450_107669734274682_8231843971424137748_n.jpg%3Foh%3D7f75ea90cd915abad53b7c4a45bd3cce%26oe%3D5F6EF6E5&t=l&u=554891406417%40c.us&i=1595551168&n=PilIAT5O28ADzWFzqFrtrQRqQps4G0DoyvXl14gvGsk%3D\",\"raw\":null,\"tag\":\"1595551168\"},\"msgs\":null},\"groupMetadata\":null,\"presence\":{\"id\":\"554891406417@c.us\",\"chatstates\":[]},\"messages\":[{\"id\":\"true_554891406417@c.us_3EB04B99DFF3CFD060C2\",\"body\":\"oi\",\"type\":\"chat\",\"subtype\":null,\"t\":1600826527,\"from\":\"554898153342@c.us\",\"to\":\"554891406417@c.us\",\"self\":\"out\",\"ack\":0,\"isNewMsg\":false,\"star\":false,\"mentionedJidList\":[],\"isVcardOverMmsDocument\":false,\"isForwarded\":false,\"chatId\":\"554891406417@c.us\",\"fromMe\":true,\"sender\":{\"id\":\"554898153342@c.us\",\"type\":\"in\",\"formattedName\":\"Voce\",\"isMe\":true,\"isMyContact\":false,\"isPSA\":false,\"isUser\":true,\"isWAContact\":true,\"profilePicThumbObj\":{\"eurl\":\"https://pps.whatsapp.net/v/t61.24694-24/116269755_2675348859371768_4964371647744728908_n.jpg?oh=a4905620f9206c211961f5a5004da953&oe=5F6E9ABF\",\"id\":\"554898153342@c.us\",\"img\":\"https://web.whatsapp.com/pp?e=https%3A%2F%2Fpps.whatsapp.net%2Fv%2Ft61.24694-24%2F116269755_2675348859371768_4964371647744728908_n.jpg%3Foh%3Da4905620f9206c211961f5a5004da953%26oe%3D5F6E9ABF&t=s&u=554898153342%40c.us&i=1595640568&n=rQZ%2BS%2Fybn5cRG9ZdvhU7z57BSbmT8VeFZzxIaDJLlcA%3D\",\"imgFull\":\"https://web.whatsapp.com/pp?e=https%3A%2F%2Fpps.whatsapp.net%2Fv%2Ft61.24694-24%2F116269755_2675348859371768_4964371647744728908_n.jpg%3Foh%3Da4905620f9206c211961f5a5004da953%26oe%3D5F6E9ABF&t=l&u=554898153342%40c.us&i=1595640568&n=rQZ%2BS%2Fybn5cRG9ZdvhU7z57BSbmT8VeFZzxIaDJLlcA%3D\",\"raw\":null,\"tag\":\"1595640568\"},\"msgs\":null},\"timestamp\":1600826527,\"content\":\"oi\",\"isGroupMsg\":false,\"isMMS\":false,\"isMedia\":false,\"isNotification\":false,\"isPSA\":false,\"chat\":{\"id\":\"554891406417@c.us\",\"pendingMsgs\":false,\"lastReceivedKey\":{\"fromMe\":true,\"remote\":\"554891406417@c.us\",\"id\":\"3EB009EFF055EF566C1B\",\"_serialized\":\"true_554891406417@c.us_3EB009EFF055EF566C1B\"},\"t\":1600826527,\"unreadCount\":0,\"archive\":false,\"isReadOnly\":false,\"muteExpiration\":0,\"name\":\"Test\",\"notSpam\":true,\"pin\":0,\"msgs\":null,\"kind\":\"chat\",\"isGroup\":false,\"formattedTitle\":\"Test\",\"contact\":{\"id\":\"554891406417@c.us\",\"name\":\"Test\",\"type\":\"in\",\"verifiedName\":\"Test\",\"isBusiness\":true,\"isEnterprise\":false,\"verifiedLevel\":0,\"statusMute\":false,\"labels\":[],\"formattedName\":\"Test\",\"isMe\":false,\"isMyContact\":true,\"isPSA\":false,\"isUser\":true,\"isWAContact\":true,\"profilePicThumbObj\":{\"eurl\":\"https://pps.whatsapp.net/v/t61.24694-24/116116450_107669734274682_8231843971424137748_n.jpg?oh=7f75ea90cd915abad53b7c4a45bd3cce&oe=5F6EF6E5\",\"id\":\"554891406417@c.us\",\"img\":\"https://web.whatsapp.com/pp?e=https%3A%2F%2Fpps.whatsapp.net%2Fv%2Ft61.24694-24%2F116116450_107669734274682_8231843971424137748_n.jpg%3Foh%3D7f75ea90cd915abad53b7c4a45bd3cce%26oe%3D5F6EF6E5&t=s&u=554891406417%40c.us&i=1595551168&n=PilIAT5O28ADzWFzqFrtrQRqQps4G0DoyvXl14gvGsk%3D\",\"imgFull\":\"https://web.whatsapp.com/pp?e=https%3A%2F%2Fpps.whatsapp.net%2Fv%2Ft61.24694-24%2F116116450_107669734274682_8231843971424137748_n.jpg%3Foh%3D7f75ea90cd915abad53b7c4a45bd3cce%26oe%3D5F6EF6E5&t=l&u=554891406417%40c.us&i=1595551168&n=PilIAT5O28ADzWFzqFrtrQRqQps4G0DoyvXl14gvGsk%3D\",\"raw\":null,\"tag\":\"1595551168\"},\"msgs\":null},\"groupMetadata\":null,\"presence\":{\"id\":\"554891406417@c.us\",\"chatstates\":[]}},\"quotedMsgObj\":null,\"mediaData\":{}}]}]}"}
[22/09/20 23:02:07 - TChatList]  
{
  "result":
  [
        {
      "id":"554891406417@c.us",
      "pendingMsgs":false,
      "lastReceivedKey":
      {
        "fromMe":true,
        "remote":"554891406417@c.us",
        "id":"3EB009EFF055EF566C1B",
        "_serialized":"true_554891406417@c.us_3EB009EFF055EF566C1B"
      }
,
      "t":1600826527,
      "unreadCount":0,
      "archive":false,
      "isReadOnly":false,
      "muteExpiration":0,
      "name":"Test",
      "notSpam":true,
      "pin":0,
      "msgs":null,
      "kind":"chat",
      "isGroup":false,
      "formattedTitle":"Test",
      "contact":
      {
        "id":"554891406417@c.us",
        "name":"Test",
        "type":"in",
        "verifiedName":"Test",
        "isBusiness":true,
        "isEnterprise":false,
        "verifiedLevel":0,
        "statusMute":false,
        "labels":
        [
                  ]
,
        "formattedName":"Test",
        "isMe":false,
        "isMyContact":true,
        "isPSA":false,
        "isUser":true,
        "isWAContact":true,
        "profilePicThumbObj":
        {
          "eurl":"https://pps.whatsapp.net/v/t61.24694-24/116116450_107669734274682_8231843971424137748_n.jpg?oh=7f75ea90cd915abad53b7c4a45bd3cce&oe=5F6EF6E5",
          "id":"554891406417@c.us",
          "img":"https://web.whatsapp.com/pp?e=https%3A%2F%2Fpps.whatsapp.net%2Fv%2Ft61.24694-24%2F116116450_107669734274682_8231843971424137748_n.jpg%3Foh%3D7f75ea90cd915abad53b7c4a45bd3cce%26oe%3D5F6EF6E5&t=s&u=554891406417%40c.us&i=1595551168&n=PilIAT5O28ADzWFzqFrtrQRqQps4G0DoyvXl14gvGsk%3D",
          "imgFull":"https://web.whatsapp.com/pp?e=https%3A%2F%2Fpps.whatsapp.net%2Fv%2Ft61.24694-24%2F116116450_107669734274682_8231843971424137748_n.jpg%3Foh%3D7f75ea90cd915abad53b7c4a45bd3cce%26oe%3D5F6EF6E5&t=l&u=554891406417%40c.us&i=1595551168&n=PilIAT5O28ADzWFzqFrtrQRqQps4G0DoyvXl14gvGsk%3D",
          "raw":null,
          "tag":"1595551168"
        }
,
        "msgs":null
      }
,
      "groupMetadata":null,
      "presence":
      {
        "id":"554891406417@c.us",
        "chatstates":
        [
                  ]
      }
,
      "messages":
      [
                {
          "id":"true_554891406417@c.us_3EB04B99DFF3CFD060C2",
          "body":"oi",
          "type":"chat",
          "subtype":null,
          "t":1600826527,
          "from":"554898153342@c.us",
          "to":"554891406417@c.us",
          "self":"out",
          "ack":0,
          "isNewMsg":false,
          "star":false,
          "mentionedJidList":
          [
                      ]
,
          "isVcardOverMmsDocument":false,
          "isForwarded":false,
          "chatId":"554891406417@c.us",
          "fromMe":true,
          "sender":
          {
            "id":"554898153342@c.us",
            "type":"in",
            "formattedName":"Voce",
            "isMe":true,
            "isMyContact":false,
            "isPSA":false,
            "isUser":true,
            "isWAContact":true,
            "profilePicThumbObj":
            {
              "eurl":"https://pps.whatsapp.net/v/t61.24694-24/116269755_2675348859371768_4964371647744728908_n.jpg?oh=a4905620f9206c211961f5a5004da953&oe=5F6E9ABF",
              "id":"554898153342@c.us",
              "img":"https://web.whatsapp.com/pp?e=https%3A%2F%2Fpps.whatsapp.net%2Fv%2Ft61.24694-24%2F116269755_2675348859371768_4964371647744728908_n.jpg%3Foh%3Da4905620f9206c211961f5a5004da953%26oe%3D5F6E9ABF&t=s&u=554898153342%40c.us&i=1595640568&n=rQZ%2BS%2Fybn5cRG9ZdvhU7z57BSbmT8VeFZzxIaDJLlcA%3D",
              "imgFull":"https://web.whatsapp.com/pp?e=https%3A%2F%2Fpps.whatsapp.net%2Fv%2Ft61.24694-24%2F116269755_2675348859371768_4964371647744728908_n.jpg%3Foh%3Da4905620f9206c211961f5a5004da953%26oe%3D5F6E9ABF&t=l&u=554898153342%40c.us&i=1595640568&n=rQZ%2BS%2Fybn5cRG9ZdvhU7z57BSbmT8VeFZzxIaDJLlcA%3D",
              "raw":null,
              "tag":"1595640568"
            }
,
            "msgs":null
          }
,
          "timestamp":1600826527,
          "content":"oi",
          "isGroupMsg":false,
          "isMMS":false,
          "isMedia":false,
          "isNotification":false,
          "isPSA":false,
          "chat":
          {
            "id":"554891406417@c.us",
            "pendingMsgs":false,
            "lastReceivedKey":
            {
              "fromMe":true,
              "remote":"554891406417@c.us",
              "id":"3EB009EFF055EF566C1B",
              "_serialized":"true_554891406417@c.us_3EB009EFF055EF566C1B"
            }
,
            "t":1600826527,
            "unreadCount":0,
            "archive":false,
            "isReadOnly":false,
            "muteExpiration":0,
            "name":"Test",
            "notSpam":true,
            "pin":0,
            "msgs":null,
            "kind":"chat",
            "isGroup":false,
            "formattedTitle":"Test",
            "contact":
            {
              "id":"554891406417@c.us",
              "name":"Test",
              "type":"in",
              "verifiedName":"Test",
              "isBusiness":true,
              "isEnterprise":false,
              "verifiedLevel":0,
              "statusMute":false,
              "labels":
              [
                              ]
,
              "formattedName":"Test",
              "isMe":false,
              "isMyContact":true,
              "isPSA":false,
              "isUser":true,
              "isWAContact":true,
              "profilePicThumbObj":
              {
                "eurl":"https://pps.whatsapp.net/v/t61.24694-24/116116450_107669734274682_8231843971424137748_n.jpg?oh=7f75ea90cd915abad53b7c4a45bd3cce&oe=5F6EF6E5",
                "id":"554891406417@c.us",
                "img":"https://web.whatsapp.com/pp?e=https%3A%2F%2Fpps.whatsapp.net%2Fv%2Ft61.24694-24%2F116116450_107669734274682_8231843971424137748_n.jpg%3Foh%3D7f75ea90cd915abad53b7c4a45bd3cce%26oe%3D5F6EF6E5&t=s&u=554891406417%40c.us&i=1595551168&n=PilIAT5O28ADzWFzqFrtrQRqQps4G0DoyvXl14gvGsk%3D",
                "imgFull":"https://web.whatsapp.com/pp?e=https%3A%2F%2Fpps.whatsapp.net%2Fv%2Ft61.24694-24%2F116116450_107669734274682_8231843971424137748_n.jpg%3Foh%3D7f75ea90cd915abad53b7c4a45bd3cce%26oe%3D5F6EF6E5&t=l&u=554891406417%40c.us&i=1595551168&n=PilIAT5O28ADzWFzqFrtrQRqQps4G0DoyvXl14gvGsk%3D",
                "raw":null,
                "tag":"1595551168"
              }
,
              "msgs":null
            }
,
            "groupMetadata":null,
            "presence":
            {
              "id":"554891406417@c.us",
              "chatstates":
              [
                              ]
            }
          }
,
          "quotedMsgObj":null,
          "mediaData":
          {
                      }
        }
      ]
    }
  ]
}


[22/09/20 23:03:37 - CONSOLE]  
{"name":"getBatteryLevel","result":"{\"result\":13}"}
[22/09/20 23:03:37 - TResponseBattery]  
{
  "result":13
}


[22/09/20 23:06:47 - CONSOLE]  
{"name":"getBatteryLevel","result":"{\"result\":13}"}
[22/09/20 23:06:47 - TResponseBattery]  
{
  "result":13
}


[22/09/20 23:09:57 - CONSOLE]  
{"name":"getBatteryLevel","result":"{\"result\":13}"}
[22/09/20 23:09:57 - TResponseBattery]  
{
  "result":13
}


[22/09/20 23:13:07 - CONSOLE]  
{"name":"getBatteryLevel","result":"{\"result\":13}"}
[22/09/20 23:13:07 - TResponseBattery]  
{
  "result":13
}


[22/09/20 23:16:17 - CONSOLE]  
{"name":"getBatteryLevel","result":"{\"result\":12}"}
[22/09/20 23:16:17 - TResponseBattery]  
{
  "result":12
}


[22/09/20 23:19:27 - CONSOLE]  
{"name":"getBatteryLevel","result":"{\"result\":12}"}
[22/09/20 23:19:27 - TResponseBattery]  
{
  "result":12
}


[22/09/20 23:22:37 - CONSOLE]  
{"name":"getBatteryLevel","result":"{\"result\":12}"}
[22/09/20 23:22:37 - TResponseBattery]  
{
  "result":12
}


[22/09/20 23:25:47 - CONSOLE]  
{"name":"getBatteryLevel","result":"{\"result\":12}"}
[22/09/20 23:25:47 - TResponseBattery]  
{
  "result":12
}


[22/09/20 23:28:57 - CONSOLE]  
{"name":"getBatteryLevel","result":"{\"result\":12}"}
[22/09/20 23:28:57 - TResponseBattery]  
{
  "result":12
}


[22/09/20 23:32:07 - CONSOLE]  
{"name":"getBatteryLevel","result":"{\"result\":12}"}
[22/09/20 23:32:07 - TResponseBattery]  
{
  "result":12
}


[22/09/20 23:35:17 - CONSOLE]  
{"name":"getBatteryLevel","result":"{\"result\":12}"}
[22/09/20 23:35:17 - TResponseBattery]  
{
  "result":12
}


[22/09/20 23:38:27 - CONSOLE]  
{"name":"getBatteryLevel","result":"{\"result\":12}"}
[22/09/20 23:38:27 - TResponseBattery]  
{
  "result":12
}


[22/09/20 23:41:37 - CONSOLE]  
{"name":"getBatteryLevel","result":"{\"result\":12}"}
[22/09/20 23:41:37 - TResponseBattery]  
{
  "result":12
}


[22/09/20 23:44:47 - CONSOLE]  
{"name":"getBatteryLevel","result":"{\"result\":12}"}
[22/09/20 23:44:47 - TResponseBattery]  
{
  "result":12
}


[22/09/20 23:47:57 - CONSOLE]  
{"name":"getBatteryLevel","result":"{\"result\":12}"}
[22/09/20 23:47:57 - TResponseBattery]  
{
  "result":12
}


[22/09/20 23:51:07 - CONSOLE]  
{"name":"getBatteryLevel","result":"{\"result\":12}"}
[22/09/20 23:51:07 - TResponseBattery]  
{
  "result":12
}


[22/09/20 23:54:17 - CONSOLE]  
{"name":"getBatteryLevel","result":"{\"result\":12}"}
[22/09/20 23:54:17 - TResponseBattery]  
{
  "result":12
}


[22/09/20 23:57:27 - CONSOLE]  
{"name":"getBatteryLevel","result":"{\"result\":12}"}
[22/09/20 23:57:27 - TResponseBattery]  
{
  "result":12
}
