

[25/09/20 01:00:32 - CONSOLE]  
{"name":"getBatteryLevel","result":"{\"result\":29}"}
[25/09/20 01:00:32 - TResponseBattery]  
{
  "result":29
}


[25/09/20 01:03:41 - CONSOLE]  
{"name":"getBatteryLevel","result":"{\"result\":29}"}
[25/09/20 01:03:42 - TResponseBattery]  
{
  "result":29
}


[25/09/20 01:06:52 - CONSOLE]  
{"name":"getBatteryLevel","result":"{\"result\":29}"}
[25/09/20 01:06:52 - TResponseBattery]  
{
  "result":29
}


[25/09/20 01:10:01 - CONSOLE]  
{"name":"getBatteryLevel","result":"{\"result\":29}"}
[25/09/20 01:10:02 - TResponseBattery]  
{
  "result":29
}


[25/09/20 01:13:12 - CONSOLE]  
{"name":"getBatteryLevel","result":"{\"result\":29}"}
[25/09/20 01:13:12 - TResponseBattery]  
{
  "result":29
}


[25/09/20 01:16:21 - CONSOLE]  
{"name":"getBatteryLevel","result":"{\"result\":29}"}
[25/09/20 01:16:22 - TResponseBattery]  
{
  "result":29
}


[25/09/20 01:19:32 - CONSOLE]  
{"name":"getBatteryLevel","result":"{\"result\":29}"}
[25/09/20 01:19:32 - TResponseBattery]  
{
  "result":29
}


[25/09/20 01:22:42 - CONSOLE]  
{"name":"getBatteryLevel","result":"{\"result\":29}"}
[25/09/20 01:22:42 - TResponseBattery]  
{
  "result":29
}
